2018-06-27 17:15:34.936  INFO 9380 --- [main] com.thinvent.zhhd.MainApplication        : Starting MainApplication on DESKTOP-CGI6KFU with PID 9380 (E:\haitao\haitao-base-service\target\classes started by chenkangxiang in E:\haitao\haitao-base-service)
2018-06-27 17:15:35.060 DEBUG 9380 --- [main] com.thinvent.zhhd.MainApplication        : Running with Spring Boot v1.5.3.RELEASE, Spring v4.3.8.RELEASE
2018-06-27 17:15:35.061  INFO 9380 --- [main] com.thinvent.zhhd.MainApplication        : The following profiles are active: dev
2018-06-27 17:15:35.280  INFO 9380 --- [main] ationConfigEmbeddedWebApplicationContext : Refreshing org.springframework.boot.context.embedded.AnnotationConfigEmbeddedWebApplicationContext@4152d38d: startup date [Wed Jun 27 17:15:35 CST 2018]; root of context hierarchy
2018-06-27 17:15:36.649  INFO 9380 --- [background-preinit] o.h.validator.internal.util.Version      : HV000001: Hibernate Validator 5.3.5.Final
2018-06-27 17:15:43.154  INFO 9380 --- [main] trationDelegate$BeanPostProcessorChecker : Bean 'org.springframework.kafka.annotation.KafkaBootstrapConfiguration' of type [org.springframework.kafka.annotation.KafkaBootstrapConfiguration$$EnhancerBySpringCGLIB$$42bfd64c] is not eligible for getting processed by all BeanPostProcessors (for example: not eligible for auto-proxying)
2018-06-27 17:15:43.383  INFO 9380 --- [main] trationDelegate$BeanPostProcessorChecker : Bean 'org.springframework.transaction.annotation.ProxyTransactionManagementConfiguration' of type [org.springframework.transaction.annotation.ProxyTransactionManagementConfiguration$$EnhancerBySpringCGLIB$$6f0dc4c9] is not eligible for getting processed by all BeanPostProcessors (for example: not eligible for auto-proxying)
2018-06-27 17:15:45.167  INFO 9380 --- [main] s.b.c.e.t.TomcatEmbeddedServletContainer : Tomcat initialized with port(s): 8002 (http)
2018-06-27 17:15:45.238  INFO 9380 --- [main] o.apache.catalina.core.StandardService   : Starting service Tomcat
2018-06-27 17:15:45.241  INFO 9380 --- [main] org.apache.catalina.core.StandardEngine  : Starting Servlet Engine: Apache Tomcat/8.5.14
2018-06-27 17:15:46.651  INFO 9380 --- [localhost-startStop-1] o.a.c.c.C.[Tomcat].[localhost].[/]       : Initializing Spring embedded WebApplicationContext
2018-06-27 17:15:46.652  INFO 9380 --- [localhost-startStop-1] o.s.web.context.ContextLoader            : Root WebApplicationContext: initialization completed in 11372 ms
2018-06-27 17:15:47.739  INFO 9380 --- [localhost-startStop-1] o.s.b.w.servlet.ServletRegistrationBean  : Mapping servlet: 'dispatcherServlet' to [/]
2018-06-27 17:15:47.780  INFO 9380 --- [localhost-startStop-1] o.s.b.w.servlet.FilterRegistrationBean   : Mapping filter: 'characterEncodingFilter' to: [/*]
2018-06-27 17:15:47.781  INFO 9380 --- [localhost-startStop-1] o.s.b.w.servlet.FilterRegistrationBean   : Mapping filter: 'hiddenHttpMethodFilter' to: [/*]
2018-06-27 17:15:47.783  INFO 9380 --- [localhost-startStop-1] o.s.b.w.servlet.FilterRegistrationBean   : Mapping filter: 'httpPutFormContentFilter' to: [/*]
2018-06-27 17:15:47.788  INFO 9380 --- [localhost-startStop-1] o.s.b.w.servlet.FilterRegistrationBean   : Mapping filter: 'requestContextFilter' to: [/*]
2018-06-27 17:15:47.789  INFO 9380 --- [localhost-startStop-1] o.s.b.w.servlet.FilterRegistrationBean   : Mapping filter: 'corsFilter' to: [/*]
2018-06-27 17:15:52.213  INFO 9380 --- [main] j.LocalContainerEntityManagerFactoryBean : Building JPA container EntityManagerFactory for persistence unit 'default'
2018-06-27 17:15:52.290  INFO 9380 --- [main] o.hibernate.jpa.internal.util.LogHelper  : HHH000204: Processing PersistenceUnitInfo [
	name: default
	...]
2018-06-27 17:15:52.732  INFO 9380 --- [main] org.hibernate.Version                    : HHH000412: Hibernate Core {5.0.12.Final}
2018-06-27 17:15:52.738  INFO 9380 --- [main] org.hibernate.cfg.Environment            : HHH000206: hibernate.properties not found
2018-06-27 17:15:52.740  INFO 9380 --- [main] org.hibernate.cfg.Environment            : HHH000021: Bytecode provider name : javassist
2018-06-27 17:15:52.903  INFO 9380 --- [main] o.hibernate.annotations.common.Version   : HCANN000001: Hibernate Commons Annotations {5.0.1.Final}
2018-06-27 17:15:53.497  INFO 9380 --- [main] org.hibernate.dialect.Dialect            : HHH000400: Using dialect: org.hibernate.dialect.MySQL5Dialect
2018-06-27 17:15:55.622  INFO 9380 --- [main] org.hibernate.tool.hbm2ddl.SchemaUpdate  : HHH000228: Running hbm2ddl schema update
2018-06-27 17:15:56.896  INFO 9380 --- [main] j.LocalContainerEntityManagerFactoryBean : Initialized JPA EntityManagerFactory for persistence unit 'default'
2018-06-27 17:15:59.045  INFO 9380 --- [main] o.h.h.i.QueryTranslatorFactoryInitiator  : HHH000397: Using ASTQueryTranslatorFactory
2018-06-27 17:16:04.819  INFO 9380 --- [main] s.w.s.m.m.a.RequestMappingHandlerMapping : Mapped "{[/dictionary/querySysDictionaryGroupList],methods=[GET]}" onto public java.util.List<com.thinvent.zhhd.model.SysDictionaryGroup> com.thinvent.zhhd.controller.DictionaryGroupController.querySysDictionaryGroupList()
2018-06-27 17:16:04.823  INFO 9380 --- [main] s.w.s.m.m.a.RequestMappingHandlerMapping : Mapped "{[/dictionary/saveSysDictionaryItem],methods=[POST]}" onto public void com.thinvent.zhhd.controller.DictionaryItemController.saveSysDictionaryItem(com.thinvent.zhhd.common.vo.DictionaryItemVO)
2018-06-27 17:16:04.823  INFO 9380 --- [main] s.w.s.m.m.a.RequestMappingHandlerMapping : Mapped "{[/dictionary/updateSysDictionaryItem],methods=[POST]}" onto public java.lang.Object com.thinvent.zhhd.controller.DictionaryItemController.updateSysDictionaryItem(com.thinvent.zhhd.common.vo.DictionaryItemVO) throws com.thinvent.library.exception.ThinventBaseException
2018-06-27 17:16:04.824  INFO 9380 --- [main] s.w.s.m.m.a.RequestMappingHandlerMapping : Mapped "{[/dictionary/queryBySysDictionaryItemId],methods=[GET]}" onto public java.lang.Object com.thinvent.zhhd.controller.DictionaryItemController.queryBySysDictionaryItemId(java.lang.String)
2018-06-27 17:16:04.824  INFO 9380 --- [main] s.w.s.m.m.a.RequestMappingHandlerMapping : Mapped "{[/dictionary/queryAllDictItemsByDictGroupId],methods=[GET]}" onto public java.util.List<com.thinvent.zhhd.common.vo.DictionaryItemVO> com.thinvent.zhhd.controller.DictionaryItemController.queryAllDictItemsByDictGroupId(java.lang.String) throws com.thinvent.library.exception.ThinventBaseException
2018-06-27 17:16:04.825  INFO 9380 --- [main] s.w.s.m.m.a.RequestMappingHandlerMapping : Mapped "{[/dictionary/queryAllEnabledDictItemsByDictGroupId],methods=[GET]}" onto public java.util.List<com.thinvent.zhhd.common.vo.DictionaryItemVO> com.thinvent.zhhd.controller.DictionaryItemController.queryAllEnabledDictItemsByDictGroupId(java.lang.String) throws com.thinvent.library.exception.ThinventBaseException
2018-06-27 17:16:04.826  INFO 9380 --- [main] s.w.s.m.m.a.RequestMappingHandlerMapping : Mapped "{[/dictionary/querySysDictionaryItemListByDictGroupId],methods=[GET]}" onto public org.springframework.data.domain.Page<com.thinvent.zhhd.model.SysDictionaryItem> com.thinvent.zhhd.controller.DictionaryItemController.querySysDictionaryItemListByDictGroupId(int,int,java.lang.String)
2018-06-27 17:16:04.828  INFO 9380 --- [main] s.w.s.m.m.a.RequestMappingHandlerMapping : Mapped "{[/reportView/getOpr],methods=[GET]}" onto public java.util.Map<java.lang.String, java.lang.Object> com.thinvent.zhhd.controller.OprReportController.getReportData(java.lang.String,java.lang.String,java.lang.String,java.lang.String) throws com.thinvent.library.exception.ThinventBaseException,org.eclipse.birt.report.engine.api.EngineException
2018-06-27 17:16:04.829  INFO 9380 --- [main] s.w.s.m.m.a.RequestMappingHandlerMapping : Mapped "{[/reportView/exportOpr],methods=[GET]}" onto public java.util.Map<java.lang.String, java.lang.String> com.thinvent.zhhd.controller.OprReportController.exportReportData(java.lang.String,java.lang.String,java.lang.String) throws com.thinvent.library.exception.ThinventBaseException,org.eclipse.birt.report.engine.api.EngineException
2018-06-27 17:16:04.830  INFO 9380 --- [main] s.w.s.m.m.a.RequestMappingHandlerMapping : Mapped "{[/reportView/get],methods=[GET]}" onto public java.util.Map<java.lang.String, java.lang.String> com.thinvent.zhhd.controller.ReportController.getReportData(java.lang.String,java.lang.String,java.lang.String,java.lang.String) throws com.thinvent.library.exception.ThinventBaseException,org.eclipse.birt.report.engine.api.EngineException
2018-06-27 17:16:04.831  INFO 9380 --- [main] s.w.s.m.m.a.RequestMappingHandlerMapping : Mapped "{[/reportView/export],methods=[GET]}" onto public java.util.Map<java.lang.String, java.lang.String> com.thinvent.zhhd.controller.ReportController.exportReportData(java.lang.String,java.lang.String,java.lang.String,java.lang.String,java.lang.String) throws com.thinvent.library.exception.ThinventBaseException,org.eclipse.birt.report.engine.api.EngineException
2018-06-27 17:16:04.832  INFO 9380 --- [main] s.w.s.m.m.a.RequestMappingHandlerMapping : Mapped "{[/v2/api-docs],methods=[GET]}" onto public org.springframework.http.ResponseEntity<springfox.documentation.spring.web.json.Json> springfox.documentation.swagger2.web.Swagger2Controller.getDocumentation(java.lang.String)
2018-06-27 17:16:04.837  INFO 9380 --- [main] s.w.s.m.m.a.RequestMappingHandlerMapping : Mapped "{[/configuration/ui]}" onto org.springframework.http.ResponseEntity<springfox.documentation.swagger.web.UiConfiguration> springfox.documentation.swagger.web.ApiResourceController.uiConfiguration()
2018-06-27 17:16:04.838  INFO 9380 --- [main] s.w.s.m.m.a.RequestMappingHandlerMapping : Mapped "{[/swagger-resources]}" onto org.springframework.http.ResponseEntity<java.util.List<springfox.documentation.swagger.web.SwaggerResource>> springfox.documentation.swagger.web.ApiResourceController.swaggerResources()
2018-06-27 17:16:04.839  INFO 9380 --- [main] s.w.s.m.m.a.RequestMappingHandlerMapping : Mapped "{[/configuration/security]}" onto org.springframework.http.ResponseEntity<springfox.documentation.swagger.web.SecurityConfiguration> springfox.documentation.swagger.web.ApiResourceController.securityConfiguration()
2018-06-27 17:16:04.842  INFO 9380 --- [main] s.w.s.m.m.a.RequestMappingHandlerMapping : Mapped "{[/error]}" onto public org.springframework.http.ResponseEntity<java.util.Map<java.lang.String, java.lang.Object>> org.springframework.boot.autoconfigure.web.BasicErrorController.error(javax.servlet.http.HttpServletRequest)
2018-06-27 17:16:04.843  INFO 9380 --- [main] s.w.s.m.m.a.RequestMappingHandlerMapping : Mapped "{[/error],produces=[text/html]}" onto public org.springframework.web.servlet.ModelAndView org.springframework.boot.autoconfigure.web.BasicErrorController.errorHtml(javax.servlet.http.HttpServletRequest,javax.servlet.http.HttpServletResponse)
2018-06-27 17:16:06.174  INFO 9380 --- [main] s.w.s.m.m.a.RequestMappingHandlerAdapter : Looking for @ControllerAdvice: org.springframework.boot.context.embedded.AnnotationConfigEmbeddedWebApplicationContext@4152d38d: startup date [Wed Jun 27 17:15:35 CST 2018]; root of context hierarchy
2018-06-27 17:16:06.401  INFO 9380 --- [main] o.s.w.s.handler.SimpleUrlHandlerMapping  : Mapped URL path [/webjars/**] onto handler of type [class org.springframework.web.servlet.resource.ResourceHttpRequestHandler]
2018-06-27 17:16:06.402  INFO 9380 --- [main] o.s.w.s.handler.SimpleUrlHandlerMapping  : Mapped URL path [/**] onto handler of type [class org.springframework.web.servlet.resource.ResourceHttpRequestHandler]
2018-06-27 17:16:06.476  INFO 9380 --- [main] .m.m.a.ExceptionHandlerExceptionResolver : Detected @ExceptionHandler methods in thinventBaseExceptionHandler
2018-06-27 17:16:06.680  INFO 9380 --- [main] o.s.w.s.handler.SimpleUrlHandlerMapping  : Mapped URL path [/**/favicon.ico] onto handler of type [class org.springframework.web.servlet.resource.ResourceHttpRequestHandler]
2018-06-27 17:16:10.840  INFO 9380 --- [main] o.s.j.e.a.AnnotationMBeanExporter        : Registering beans for JMX exposure on startup
2018-06-27 17:16:10.855  INFO 9380 --- [main] o.s.c.support.DefaultLifecycleProcessor  : Starting beans in phase 2147483647
2018-06-27 17:16:10.867  INFO 9380 --- [main] s.a.ScheduledAnnotationBeanPostProcessor : No TaskScheduler/ScheduledExecutorService bean found for scheduled processing
2018-06-27 17:16:10.900  INFO 9380 --- [main] d.s.w.p.DocumentationPluginsBootstrapper : Context refreshed
2018-06-27 17:16:10.938  INFO 9380 --- [main] d.s.w.p.DocumentationPluginsBootstrapper : Found {0} custom documentation plugin(s)
2018-06-27 17:16:10.957  INFO 9380 --- [main] s.d.s.w.s.ApiListingReferenceScanner     : Scanning for api listing references
2018-06-27 17:16:10.968  INFO 9380 --- [main] s.w.ClassOrApiAnnotationResourceGrouping : Group for method queryAllDictItemsByDictGroupId was dictionary-item-controller
2018-06-27 17:16:10.972  INFO 9380 --- [main] s.d.s.w.s.ApiListingReferenceScanner     : Request mapping: queryAllDictItemsByDictGroupId belongs to groups: [[ResourceGroup{groupName='dictionary-item-controller', position=0, controller=com.thinvent.zhhd.controller.DictionaryItemController}]] 
2018-06-27 17:16:10.974  INFO 9380 --- [main] s.w.ClassOrApiAnnotationResourceGrouping : Group for method queryAllEnabledDictItemsByDictGroupId was dictionary-item-controller
2018-06-27 17:16:10.974  INFO 9380 --- [main] s.d.s.w.s.ApiListingReferenceScanner     : Request mapping: queryAllEnabledDictItemsByDictGroupId belongs to groups: [[ResourceGroup{groupName='dictionary-item-controller', position=0, controller=com.thinvent.zhhd.controller.DictionaryItemController}]] 
2018-06-27 17:16:10.976  INFO 9380 --- [main] s.w.ClassOrApiAnnotationResourceGrouping : Group for method queryBySysDictionaryItemId was dictionary-item-controller
2018-06-27 17:16:10.976  INFO 9380 --- [main] s.d.s.w.s.ApiListingReferenceScanner     : Request mapping: queryBySysDictionaryItemId belongs to groups: [[ResourceGroup{groupName='dictionary-item-controller', position=0, controller=com.thinvent.zhhd.controller.DictionaryItemController}]] 
2018-06-27 17:16:10.977  INFO 9380 --- [main] s.w.ClassOrApiAnnotationResourceGrouping : Group for method querySysDictionaryGroupList was dictionary-group-controller
2018-06-27 17:16:10.977  INFO 9380 --- [main] s.d.s.w.s.ApiListingReferenceScanner     : Request mapping: querySysDictionaryGroupList belongs to groups: [[ResourceGroup{groupName='dictionary-group-controller', position=0, controller=com.thinvent.zhhd.controller.DictionaryGroupController}]] 
2018-06-27 17:16:10.977  INFO 9380 --- [main] s.w.ClassOrApiAnnotationResourceGrouping : Group for method querySysDictionaryItemListByDictGroupId was dictionary-item-controller
2018-06-27 17:16:10.978  INFO 9380 --- [main] s.d.s.w.s.ApiListingReferenceScanner     : Request mapping: querySysDictionaryItemListByDictGroupId belongs to groups: [[ResourceGroup{groupName='dictionary-item-controller', position=0, controller=com.thinvent.zhhd.controller.DictionaryItemController}]] 
2018-06-27 17:16:10.978  INFO 9380 --- [main] s.w.ClassOrApiAnnotationResourceGrouping : Group for method saveSysDictionaryItem was dictionary-item-controller
2018-06-27 17:16:10.978  INFO 9380 --- [main] s.d.s.w.s.ApiListingReferenceScanner     : Request mapping: saveSysDictionaryItem belongs to groups: [[ResourceGroup{groupName='dictionary-item-controller', position=0, controller=com.thinvent.zhhd.controller.DictionaryItemController}]] 
2018-06-27 17:16:10.979  INFO 9380 --- [main] s.w.ClassOrApiAnnotationResourceGrouping : Group for method updateSysDictionaryItem was dictionary-item-controller
2018-06-27 17:16:10.980  INFO 9380 --- [main] s.d.s.w.s.ApiListingReferenceScanner     : Request mapping: updateSysDictionaryItem belongs to groups: [[ResourceGroup{groupName='dictionary-item-controller', position=0, controller=com.thinvent.zhhd.controller.DictionaryItemController}]] 
2018-06-27 17:16:10.997  INFO 9380 --- [main] s.d.s.w.s.ApiListingReferenceScanner     : Created resource listing Path: /dictionary/dictionary-group-controller Description: dictionary-group-controller Position: 0
2018-06-27 17:16:11.000  INFO 9380 --- [main] s.d.s.w.s.ApiListingReferenceScanner     : Created resource listing Path: /dictionary/dictionary-item-controller Description: dictionary-item-controller Position: 0
2018-06-27 17:16:11.165  INFO 9380 --- [main] s.d.schema.ModelContextKeyGenerator      : Cache Key Generated: java.util.List<com.thinvent.zhhd.model.SysDictionaryGroup>(true)
2018-06-27 17:16:11.167  INFO 9380 --- [main] s.d.spring.web.caching.CachingAspect     : Caching aspect applied for cache models with key java.util.List<com.thinvent.zhhd.model.SysDictionaryGroup>(true)
2018-06-27 17:16:11.177  INFO 9380 --- [main] s.d.schema.ModelContextKeyGenerator      : Cache Key Generated: java.util.List<com.thinvent.zhhd.model.SysDictionaryGroup>(true)
2018-06-27 17:16:11.178  INFO 9380 --- [main] s.d.spring.web.caching.CachingAspect     : Caching aspect applied for cache modelDependencies with key java.util.List<com.thinvent.zhhd.model.SysDictionaryGroup>(true)
2018-06-27 17:16:11.206  INFO 9380 --- [main] s.d.s.p.ModelPropertiesKeyGenerator      : Cache key generated: com.thinvent.zhhd.model.SysDictionaryGroup(true)
2018-06-27 17:16:11.206  INFO 9380 --- [main] s.d.spring.web.caching.CachingAspect     : Caching aspect applied for cache modelProperties with key com.thinvent.zhhd.model.SysDictionaryGroup(true)
2018-06-27 17:16:11.259  INFO 9380 --- [main] s.d.s.p.ModelPropertiesKeyGenerator      : Cache key generated: java.util.List<com.thinvent.zhhd.model.SysDictionaryGroup>(true)
2018-06-27 17:16:11.260  INFO 9380 --- [main] s.d.spring.web.caching.CachingAspect     : Caching aspect applied for cache modelProperties with key java.util.List<com.thinvent.zhhd.model.SysDictionaryGroup>(true)
2018-06-27 17:16:11.263  INFO 9380 --- [main] s.d.s.p.ModelPropertiesKeyGenerator      : Cache key generated: com.thinvent.zhhd.model.SysDictionaryGroup(true)
2018-06-27 17:16:11.264  INFO 9380 --- [main] s.d.spring.web.caching.CachingAspect     : Caching aspect applied for cache modelProperties with key com.thinvent.zhhd.model.SysDictionaryGroup(true)
2018-06-27 17:16:11.299  INFO 9380 --- [main] s.d.spring.web.OperationsKeyGenerator    : Cache key generated: /dictionary/querySysDictionaryGroupList.com.thinvent.zhhd.controller.DictionaryGroupController.querySysDictionaryGroupList.CodeGenGenericTypeNamingStrategy
2018-06-27 17:16:11.300  INFO 9380 --- [main] s.d.spring.web.caching.CachingAspect     : Caching aspect applied for cache operations with key /dictionary/querySysDictionaryGroupList.com.thinvent.zhhd.controller.DictionaryGroupController.querySysDictionaryGroupList.CodeGenGenericTypeNamingStrategy
2018-06-27 17:16:11.316  INFO 9380 --- [main] s.w.ClassOrApiAnnotationResourceGrouping : Group for method querySysDictionaryGroupList was dictionary-group-controller
2018-06-27 17:16:11.351  INFO 9380 --- [main] s.w.ClassOrApiAnnotationResourceGrouping : Group for method querySysDictionaryGroupList was dictionary-group-controller
2018-06-27 17:16:11.380  INFO 9380 --- [main] s.d.schema.ModelContextKeyGenerator      : Cache Key Generated: java.util.List<com.thinvent.zhhd.common.vo.DictionaryItemVO>(true)
2018-06-27 17:16:11.380  INFO 9380 --- [main] s.d.spring.web.caching.CachingAspect     : Caching aspect applied for cache models with key java.util.List<com.thinvent.zhhd.common.vo.DictionaryItemVO>(true)
2018-06-27 17:16:11.380  INFO 9380 --- [main] s.d.schema.ModelContextKeyGenerator      : Cache Key Generated: java.util.List<com.thinvent.zhhd.common.vo.DictionaryItemVO>(true)
2018-06-27 17:16:11.380  INFO 9380 --- [main] s.d.spring.web.caching.CachingAspect     : Caching aspect applied for cache modelDependencies with key java.util.List<com.thinvent.zhhd.common.vo.DictionaryItemVO>(true)
2018-06-27 17:16:11.381  INFO 9380 --- [main] s.d.s.p.ModelPropertiesKeyGenerator      : Cache key generated: com.thinvent.zhhd.common.vo.DictionaryItemVO(true)
2018-06-27 17:16:11.381  INFO 9380 --- [main] s.d.spring.web.caching.CachingAspect     : Caching aspect applied for cache modelProperties with key com.thinvent.zhhd.common.vo.DictionaryItemVO(true)
2018-06-27 17:16:11.384  INFO 9380 --- [main] s.d.s.p.ModelPropertiesKeyGenerator      : Cache key generated: java.util.List<com.thinvent.zhhd.common.vo.DictionaryItemVO>(true)
2018-06-27 17:16:11.384  INFO 9380 --- [main] s.d.spring.web.caching.CachingAspect     : Caching aspect applied for cache modelProperties with key java.util.List<com.thinvent.zhhd.common.vo.DictionaryItemVO>(true)
2018-06-27 17:16:11.385  INFO 9380 --- [main] s.d.s.p.ModelPropertiesKeyGenerator      : Cache key generated: com.thinvent.zhhd.common.vo.DictionaryItemVO(true)
2018-06-27 17:16:11.385  INFO 9380 --- [main] s.d.spring.web.caching.CachingAspect     : Caching aspect applied for cache modelProperties with key com.thinvent.zhhd.common.vo.DictionaryItemVO(true)
2018-06-27 17:16:11.386  INFO 9380 --- [main] s.d.spring.web.OperationsKeyGenerator    : Cache key generated: /dictionary/queryAllDictItemsByDictGroupId.com.thinvent.zhhd.controller.DictionaryItemController.queryAllDictItemsByDictGroupId.CodeGenGenericTypeNamingStrategy
2018-06-27 17:16:11.386  INFO 9380 --- [main] s.d.spring.web.caching.CachingAspect     : Caching aspect applied for cache operations with key /dictionary/queryAllDictItemsByDictGroupId.com.thinvent.zhhd.controller.DictionaryItemController.queryAllDictItemsByDictGroupId.CodeGenGenericTypeNamingStrategy
2018-06-27 17:16:11.398  INFO 9380 --- [main] s.w.ClassOrApiAnnotationResourceGrouping : Group for method queryAllDictItemsByDictGroupId was dictionary-item-controller
2018-06-27 17:16:11.410  INFO 9380 --- [main] s.w.ClassOrApiAnnotationResourceGrouping : Group for method queryAllDictItemsByDictGroupId was dictionary-item-controller
2018-06-27 17:16:11.431  INFO 9380 --- [main] s.d.schema.ModelContextKeyGenerator      : Cache Key Generated: java.util.List<com.thinvent.zhhd.common.vo.DictionaryItemVO>(true)
2018-06-27 17:16:11.431  INFO 9380 --- [main] s.d.spring.web.caching.CachingAspect     : Caching aspect applied for cache models with key java.util.List<com.thinvent.zhhd.common.vo.DictionaryItemVO>(true)
2018-06-27 17:16:11.431  INFO 9380 --- [main] s.d.schema.ModelContextKeyGenerator      : Cache Key Generated: java.util.List<com.thinvent.zhhd.common.vo.DictionaryItemVO>(true)
2018-06-27 17:16:11.431  INFO 9380 --- [main] s.d.spring.web.caching.CachingAspect     : Caching aspect applied for cache modelDependencies with key java.util.List<com.thinvent.zhhd.common.vo.DictionaryItemVO>(true)
2018-06-27 17:16:11.432  INFO 9380 --- [main] s.d.s.p.ModelPropertiesKeyGenerator      : Cache key generated: com.thinvent.zhhd.common.vo.DictionaryItemVO(true)
2018-06-27 17:16:11.432  INFO 9380 --- [main] s.d.spring.web.caching.CachingAspect     : Caching aspect applied for cache modelProperties with key com.thinvent.zhhd.common.vo.DictionaryItemVO(true)
2018-06-27 17:16:11.433  INFO 9380 --- [main] s.d.spring.web.OperationsKeyGenerator    : Cache key generated: /dictionary/queryAllEnabledDictItemsByDictGroupId.com.thinvent.zhhd.controller.DictionaryItemController.queryAllEnabledDictItemsByDictGroupId.CodeGenGenericTypeNamingStrategy
2018-06-27 17:16:11.433  INFO 9380 --- [main] s.d.spring.web.caching.CachingAspect     : Caching aspect applied for cache operations with key /dictionary/queryAllEnabledDictItemsByDictGroupId.com.thinvent.zhhd.controller.DictionaryItemController.queryAllEnabledDictItemsByDictGroupId.CodeGenGenericTypeNamingStrategy
2018-06-27 17:16:11.441  INFO 9380 --- [main] s.w.ClassOrApiAnnotationResourceGrouping : Group for method queryAllEnabledDictItemsByDictGroupId was dictionary-item-controller
2018-06-27 17:16:11.447  INFO 9380 --- [main] s.w.ClassOrApiAnnotationResourceGrouping : Group for method queryAllEnabledDictItemsByDictGroupId was dictionary-item-controller
2018-06-27 17:16:11.453  INFO 9380 --- [main] s.d.schema.ModelContextKeyGenerator      : Cache Key Generated: java.lang.Object(true)
2018-06-27 17:16:11.457  INFO 9380 --- [main] s.d.spring.web.caching.CachingAspect     : Caching aspect applied for cache models with key java.lang.Object(true)
2018-06-27 17:16:11.458  INFO 9380 --- [main] s.d.schema.ModelContextKeyGenerator      : Cache Key Generated: java.lang.Object(true)
2018-06-27 17:16:11.458  INFO 9380 --- [main] s.d.spring.web.caching.CachingAspect     : Caching aspect applied for cache modelDependencies with key java.lang.Object(true)
2018-06-27 17:16:11.458  INFO 9380 --- [main] s.d.spring.web.OperationsKeyGenerator    : Cache key generated: /dictionary/queryBySysDictionaryItemId.com.thinvent.zhhd.controller.DictionaryItemController.queryBySysDictionaryItemId.CodeGenGenericTypeNamingStrategy
2018-06-27 17:16:11.459  INFO 9380 --- [main] s.d.spring.web.caching.CachingAspect     : Caching aspect applied for cache operations with key /dictionary/queryBySysDictionaryItemId.com.thinvent.zhhd.controller.DictionaryItemController.queryBySysDictionaryItemId.CodeGenGenericTypeNamingStrategy
2018-06-27 17:16:11.461  INFO 9380 --- [main] s.w.ClassOrApiAnnotationResourceGrouping : Group for method queryBySysDictionaryItemId was dictionary-item-controller
2018-06-27 17:16:11.464  INFO 9380 --- [main] s.w.ClassOrApiAnnotationResourceGrouping : Group for method queryBySysDictionaryItemId was dictionary-item-controller
2018-06-27 17:16:11.468  INFO 9380 --- [main] s.d.schema.ModelContextKeyGenerator      : Cache Key Generated: org.springframework.data.domain.Page<com.thinvent.zhhd.model.SysDictionaryItem>(true)
2018-06-27 17:16:11.468  INFO 9380 --- [main] s.d.spring.web.caching.CachingAspect     : Caching aspect applied for cache models with key org.springframework.data.domain.Page<com.thinvent.zhhd.model.SysDictionaryItem>(true)
2018-06-27 17:16:11.469  INFO 9380 --- [main] s.d.s.p.ModelPropertiesKeyGenerator      : Cache key generated: org.springframework.data.domain.Page<com.thinvent.zhhd.model.SysDictionaryItem>(true)
2018-06-27 17:16:11.469  INFO 9380 --- [main] s.d.spring.web.caching.CachingAspect     : Caching aspect applied for cache modelProperties with key org.springframework.data.domain.Page<com.thinvent.zhhd.model.SysDictionaryItem>(true)
2018-06-27 17:16:11.892  INFO 9380 --- [main] s.d.schema.ModelContextKeyGenerator      : Cache Key Generated: org.springframework.data.domain.Page<com.thinvent.zhhd.model.SysDictionaryItem>(true)
2018-06-27 17:16:11.892  INFO 9380 --- [main] s.d.spring.web.caching.CachingAspect     : Caching aspect applied for cache modelDependencies with key org.springframework.data.domain.Page<com.thinvent.zhhd.model.SysDictionaryItem>(true)
2018-06-27 17:16:11.893  INFO 9380 --- [main] s.d.s.p.ModelPropertiesKeyGenerator      : Cache key generated: com.thinvent.zhhd.model.SysDictionaryItem(true)
2018-06-27 17:16:11.893  INFO 9380 --- [main] s.d.spring.web.caching.CachingAspect     : Caching aspect applied for cache modelProperties with key com.thinvent.zhhd.model.SysDictionaryItem(true)
2018-06-27 17:16:11.902  INFO 9380 --- [main] s.d.s.p.ModelPropertiesKeyGenerator      : Cache key generated: org.springframework.data.domain.Page<com.thinvent.zhhd.model.SysDictionaryItem>(true)
2018-06-27 17:16:11.903  INFO 9380 --- [main] s.d.spring.web.caching.CachingAspect     : Caching aspect applied for cache modelProperties with key org.springframework.data.domain.Page<com.thinvent.zhhd.model.SysDictionaryItem>(true)
2018-06-27 17:16:11.925  INFO 9380 --- [main] s.d.s.p.ModelPropertiesKeyGenerator      : Cache key generated: com.thinvent.zhhd.model.SysDictionaryItem(true)
2018-06-27 17:16:11.926  INFO 9380 --- [main] s.d.spring.web.caching.CachingAspect     : Caching aspect applied for cache modelProperties with key com.thinvent.zhhd.model.SysDictionaryItem(true)
2018-06-27 17:16:11.928  INFO 9380 --- [main] s.d.s.p.ModelPropertiesKeyGenerator      : Cache key generated: org.springframework.data.domain.Sort(true)
2018-06-27 17:16:11.928  INFO 9380 --- [main] s.d.spring.web.caching.CachingAspect     : Caching aspect applied for cache modelProperties with key org.springframework.data.domain.Sort(true)
2018-06-27 17:16:11.933  INFO 9380 --- [main] s.d.s.p.ModelPropertiesKeyGenerator      : Cache key generated: com.thinvent.zhhd.model.SysDictionaryItem(true)
2018-06-27 17:16:11.934  INFO 9380 --- [main] s.d.spring.web.caching.CachingAspect     : Caching aspect applied for cache modelProperties with key com.thinvent.zhhd.model.SysDictionaryItem(true)
2018-06-27 17:16:11.934  INFO 9380 --- [main] s.d.s.p.ModelPropertiesKeyGenerator      : Cache key generated: org.springframework.data.domain.Sort(true)
2018-06-27 17:16:11.935  INFO 9380 --- [main] s.d.spring.web.caching.CachingAspect     : Caching aspect applied for cache modelProperties with key org.springframework.data.domain.Sort(true)
2018-06-27 17:16:11.936  INFO 9380 --- [main] s.d.spring.web.OperationsKeyGenerator    : Cache key generated: /dictionary/querySysDictionaryItemListByDictGroupId.com.thinvent.zhhd.controller.DictionaryItemController.querySysDictionaryItemListByDictGroupId.CodeGenGenericTypeNamingStrategy
2018-06-27 17:16:11.936  INFO 9380 --- [main] s.d.spring.web.caching.CachingAspect     : Caching aspect applied for cache operations with key /dictionary/querySysDictionaryItemListByDictGroupId.com.thinvent.zhhd.controller.DictionaryItemController.querySysDictionaryItemListByDictGroupId.CodeGenGenericTypeNamingStrategy
2018-06-27 17:16:11.942  INFO 9380 --- [main] s.w.ClassOrApiAnnotationResourceGrouping : Group for method querySysDictionaryItemListByDictGroupId was dictionary-item-controller
2018-06-27 17:16:11.945  INFO 9380 --- [main] s.w.ClassOrApiAnnotationResourceGrouping : Group for method querySysDictionaryItemListByDictGroupId was dictionary-item-controller
2018-06-27 17:16:11.952  INFO 9380 --- [main] s.d.schema.ModelContextKeyGenerator      : Cache Key Generated: java.lang.Void(true)
2018-06-27 17:16:11.952  INFO 9380 --- [main] s.d.spring.web.caching.CachingAspect     : Caching aspect applied for cache models with key java.lang.Void(true)
2018-06-27 17:16:11.953  INFO 9380 --- [main] s.d.schema.ModelContextKeyGenerator      : Cache Key Generated: java.lang.Void(true)
2018-06-27 17:16:11.953  INFO 9380 --- [main] s.d.spring.web.caching.CachingAspect     : Caching aspect applied for cache modelDependencies with key java.lang.Void(true)
2018-06-27 17:16:11.953  INFO 9380 --- [main] s.d.schema.ModelContextKeyGenerator      : Cache Key Generated: com.thinvent.zhhd.common.vo.DictionaryItemVO(false)
2018-06-27 17:16:11.953  INFO 9380 --- [main] s.d.spring.web.caching.CachingAspect     : Caching aspect applied for cache models with key com.thinvent.zhhd.common.vo.DictionaryItemVO(false)
2018-06-27 17:16:11.954  INFO 9380 --- [main] s.d.s.p.ModelPropertiesKeyGenerator      : Cache key generated: com.thinvent.zhhd.common.vo.DictionaryItemVO(false)
2018-06-27 17:16:11.954  INFO 9380 --- [main] s.d.spring.web.caching.CachingAspect     : Caching aspect applied for cache modelProperties with key com.thinvent.zhhd.common.vo.DictionaryItemVO(false)
2018-06-27 17:16:11.959  INFO 9380 --- [main] s.d.schema.ModelContextKeyGenerator      : Cache Key Generated: com.thinvent.zhhd.common.vo.DictionaryItemVO(false)
2018-06-27 17:16:11.959  INFO 9380 --- [main] s.d.spring.web.caching.CachingAspect     : Caching aspect applied for cache modelDependencies with key com.thinvent.zhhd.common.vo.DictionaryItemVO(false)
2018-06-27 17:16:11.960  INFO 9380 --- [main] s.d.s.p.ModelPropertiesKeyGenerator      : Cache key generated: com.thinvent.zhhd.common.vo.DictionaryItemVO(false)
2018-06-27 17:16:11.960  INFO 9380 --- [main] s.d.spring.web.caching.CachingAspect     : Caching aspect applied for cache modelProperties with key com.thinvent.zhhd.common.vo.DictionaryItemVO(false)
2018-06-27 17:16:11.961  INFO 9380 --- [main] s.d.spring.web.OperationsKeyGenerator    : Cache key generated: /dictionary/saveSysDictionaryItem.com.thinvent.zhhd.controller.DictionaryItemController.saveSysDictionaryItem.CodeGenGenericTypeNamingStrategy
2018-06-27 17:16:11.961  INFO 9380 --- [main] s.d.spring.web.caching.CachingAspect     : Caching aspect applied for cache operations with key /dictionary/saveSysDictionaryItem.com.thinvent.zhhd.controller.DictionaryItemController.saveSysDictionaryItem.CodeGenGenericTypeNamingStrategy
2018-06-27 17:16:12.074  INFO 9380 --- [main] s.w.ClassOrApiAnnotationResourceGrouping : Group for method saveSysDictionaryItem was dictionary-item-controller
2018-06-27 17:16:12.076  INFO 9380 --- [main] s.w.ClassOrApiAnnotationResourceGrouping : Group for method saveSysDictionaryItem was dictionary-item-controller
2018-06-27 17:16:12.078  INFO 9380 --- [main] s.d.schema.ModelContextKeyGenerator      : Cache Key Generated: com.thinvent.zhhd.common.vo.DictionaryItemVO(false)
2018-06-27 17:16:12.079  INFO 9380 --- [main] s.d.spring.web.caching.CachingAspect     : Caching aspect applied for cache models with key com.thinvent.zhhd.common.vo.DictionaryItemVO(false)
2018-06-27 17:16:12.080  INFO 9380 --- [main] s.d.schema.ModelContextKeyGenerator      : Cache Key Generated: com.thinvent.zhhd.common.vo.DictionaryItemVO(false)
2018-06-27 17:16:12.080  INFO 9380 --- [main] s.d.spring.web.caching.CachingAspect     : Caching aspect applied for cache modelDependencies with key com.thinvent.zhhd.common.vo.DictionaryItemVO(false)
2018-06-27 17:16:12.080  INFO 9380 --- [main] s.d.schema.ModelContextKeyGenerator      : Cache Key Generated: java.lang.Object(true)
2018-06-27 17:16:12.082  INFO 9380 --- [main] s.d.spring.web.caching.CachingAspect     : Caching aspect applied for cache models with key java.lang.Object(true)
2018-06-27 17:16:12.084  INFO 9380 --- [main] s.d.schema.ModelContextKeyGenerator      : Cache Key Generated: java.lang.Object(true)
2018-06-27 17:16:12.084  INFO 9380 --- [main] s.d.spring.web.caching.CachingAspect     : Caching aspect applied for cache modelDependencies with key java.lang.Object(true)
2018-06-27 17:16:12.085  INFO 9380 --- [main] s.d.spring.web.OperationsKeyGenerator    : Cache key generated: /dictionary/updateSysDictionaryItem.com.thinvent.zhhd.controller.DictionaryItemController.updateSysDictionaryItem.CodeGenGenericTypeNamingStrategy
2018-06-27 17:16:12.085  INFO 9380 --- [main] s.d.spring.web.caching.CachingAspect     : Caching aspect applied for cache operations with key /dictionary/updateSysDictionaryItem.com.thinvent.zhhd.controller.DictionaryItemController.updateSysDictionaryItem.CodeGenGenericTypeNamingStrategy
2018-06-27 17:16:12.090  INFO 9380 --- [main] s.w.ClassOrApiAnnotationResourceGrouping : Group for method updateSysDictionaryItem was dictionary-item-controller
2018-06-27 17:16:12.092  INFO 9380 --- [main] s.w.ClassOrApiAnnotationResourceGrouping : Group for method updateSysDictionaryItem was dictionary-item-controller
2018-06-27 17:16:12.128  INFO 9380 --- [main] s.d.s.w.s.ApiListingReferenceScanner     : Scanning for api listing references
2018-06-27 17:16:12.128  INFO 9380 --- [main] s.w.ClassOrApiAnnotationResourceGrouping : Group for method exportReportData was opr-report-controller
2018-06-27 17:16:12.129  INFO 9380 --- [main] s.d.s.w.s.ApiListingReferenceScanner     : Request mapping: exportReportData belongs to groups: [[ResourceGroup{groupName='opr-report-controller', position=0, controller=com.thinvent.zhhd.controller.OprReportController}]] 
2018-06-27 17:16:12.129  INFO 9380 --- [main] s.w.ClassOrApiAnnotationResourceGrouping : Group for method exportReportData was report-controller
2018-06-27 17:16:12.129  INFO 9380 --- [main] s.d.s.w.s.ApiListingReferenceScanner     : Request mapping: exportReportData belongs to groups: [[ResourceGroup{groupName='report-controller', position=0, controller=com.thinvent.zhhd.controller.ReportController}]] 
2018-06-27 17:16:12.130  INFO 9380 --- [main] s.w.ClassOrApiAnnotationResourceGrouping : Group for method getReportData was opr-report-controller
2018-06-27 17:16:12.130  INFO 9380 --- [main] s.d.s.w.s.ApiListingReferenceScanner     : Request mapping: getReportData belongs to groups: [[ResourceGroup{groupName='opr-report-controller', position=0, controller=com.thinvent.zhhd.controller.OprReportController}]] 
2018-06-27 17:16:12.130  INFO 9380 --- [main] s.w.ClassOrApiAnnotationResourceGrouping : Group for method getReportData was report-controller
2018-06-27 17:16:12.130  INFO 9380 --- [main] s.d.s.w.s.ApiListingReferenceScanner     : Request mapping: getReportData belongs to groups: [[ResourceGroup{groupName='report-controller', position=0, controller=com.thinvent.zhhd.controller.ReportController}]] 
2018-06-27 17:16:12.131  INFO 9380 --- [main] s.d.s.w.s.ApiListingReferenceScanner     : Created resource listing Path: /reportView/report-controller Description: report-controller Position: 0
2018-06-27 17:16:12.131  INFO 9380 --- [main] s.d.s.w.s.ApiListingReferenceScanner     : Created resource listing Path: /reportView/opr-report-controller Description: opr-report-controller Position: 0
2018-06-27 17:16:12.133  INFO 9380 --- [main] s.d.schema.ModelContextKeyGenerator      : Cache Key Generated: java.util.Map<java.lang.String,java.lang.String>(true)
2018-06-27 17:16:12.133  INFO 9380 --- [main] s.d.spring.web.caching.CachingAspect     : Caching aspect applied for cache models with key java.util.Map<java.lang.String,java.lang.String>(true)
2018-06-27 17:16:12.133  INFO 9380 --- [main] s.d.schema.ModelContextKeyGenerator      : Cache Key Generated: java.util.Map<java.lang.String,java.lang.String>(true)
2018-06-27 17:16:12.133  INFO 9380 --- [main] s.d.spring.web.caching.CachingAspect     : Caching aspect applied for cache modelDependencies with key java.util.Map<java.lang.String,java.lang.String>(true)
2018-06-27 17:16:12.134  INFO 9380 --- [main] s.d.s.p.ModelPropertiesKeyGenerator      : Cache key generated: java.util.Map<java.lang.String,java.lang.String>(true)
2018-06-27 17:16:12.134  INFO 9380 --- [main] s.d.spring.web.caching.CachingAspect     : Caching aspect applied for cache modelProperties with key java.util.Map<java.lang.String,java.lang.String>(true)
2018-06-27 17:16:12.135  INFO 9380 --- [main] s.d.spring.web.OperationsKeyGenerator    : Cache key generated: /reportView/exportOpr.com.thinvent.zhhd.controller.OprReportController.exportReportData.CodeGenGenericTypeNamingStrategy
2018-06-27 17:16:12.135  INFO 9380 --- [main] s.d.spring.web.caching.CachingAspect     : Caching aspect applied for cache operations with key /reportView/exportOpr.com.thinvent.zhhd.controller.OprReportController.exportReportData.CodeGenGenericTypeNamingStrategy
2018-06-27 17:16:12.140  INFO 9380 --- [main] s.w.ClassOrApiAnnotationResourceGrouping : Group for method exportReportData was opr-report-controller
2018-06-27 17:16:12.142  INFO 9380 --- [main] s.w.ClassOrApiAnnotationResourceGrouping : Group for method exportReportData was opr-report-controller
2018-06-27 17:16:12.144  INFO 9380 --- [main] s.d.schema.ModelContextKeyGenerator      : Cache Key Generated: java.lang.Object(true)
2018-06-27 17:16:12.144  INFO 9380 --- [main] s.d.spring.web.caching.CachingAspect     : Caching aspect applied for cache models with key java.lang.Object(true)
2018-06-27 17:16:12.144  INFO 9380 --- [main] s.d.schema.ModelContextKeyGenerator      : Cache Key Generated: java.lang.Object(true)
2018-06-27 17:16:12.144  INFO 9380 --- [main] s.d.spring.web.caching.CachingAspect     : Caching aspect applied for cache modelDependencies with key java.lang.Object(true)
2018-06-27 17:16:12.145  INFO 9380 --- [main] s.d.spring.web.OperationsKeyGenerator    : Cache key generated: /reportView/getOpr.com.thinvent.zhhd.controller.OprReportController.getReportData.CodeGenGenericTypeNamingStrategy
2018-06-27 17:16:12.145  INFO 9380 --- [main] s.d.spring.web.caching.CachingAspect     : Caching aspect applied for cache operations with key /reportView/getOpr.com.thinvent.zhhd.controller.OprReportController.getReportData.CodeGenGenericTypeNamingStrategy
2018-06-27 17:16:12.149  INFO 9380 --- [main] s.w.ClassOrApiAnnotationResourceGrouping : Group for method getReportData was opr-report-controller
2018-06-27 17:16:12.151  INFO 9380 --- [main] s.w.ClassOrApiAnnotationResourceGrouping : Group for method getReportData was opr-report-controller
2018-06-27 17:16:12.169  INFO 9380 --- [main] s.d.schema.ModelContextKeyGenerator      : Cache Key Generated: java.util.Map<java.lang.String,java.lang.String>(true)
2018-06-27 17:16:12.170  INFO 9380 --- [main] s.d.spring.web.caching.CachingAspect     : Caching aspect applied for cache models with key java.util.Map<java.lang.String,java.lang.String>(true)
2018-06-27 17:16:12.170  INFO 9380 --- [main] s.d.schema.ModelContextKeyGenerator      : Cache Key Generated: java.util.Map<java.lang.String,java.lang.String>(true)
2018-06-27 17:16:12.170  INFO 9380 --- [main] s.d.spring.web.caching.CachingAspect     : Caching aspect applied for cache modelDependencies with key java.util.Map<java.lang.String,java.lang.String>(true)
2018-06-27 17:16:12.170  INFO 9380 --- [main] s.d.spring.web.OperationsKeyGenerator    : Cache key generated: /reportView/export.com.thinvent.zhhd.controller.ReportController.exportReportData.CodeGenGenericTypeNamingStrategy
2018-06-27 17:16:12.171  INFO 9380 --- [main] s.d.spring.web.caching.CachingAspect     : Caching aspect applied for cache operations with key /reportView/export.com.thinvent.zhhd.controller.ReportController.exportReportData.CodeGenGenericTypeNamingStrategy
2018-06-27 17:16:12.178  INFO 9380 --- [main] s.w.ClassOrApiAnnotationResourceGrouping : Group for method exportReportData was report-controller
2018-06-27 17:16:12.181  INFO 9380 --- [main] s.w.ClassOrApiAnnotationResourceGrouping : Group for method exportReportData was report-controller
2018-06-27 17:16:12.182  INFO 9380 --- [main] .d.s.w.r.o.CachingOperationNameGenerator : Generating unique operation named: exportReportDataUsingGET_1
2018-06-27 17:16:12.183  INFO 9380 --- [main] s.d.schema.ModelContextKeyGenerator      : Cache Key Generated: java.util.Map<java.lang.String,java.lang.String>(true)
2018-06-27 17:16:12.184  INFO 9380 --- [main] s.d.spring.web.caching.CachingAspect     : Caching aspect applied for cache models with key java.util.Map<java.lang.String,java.lang.String>(true)
2018-06-27 17:16:12.184  INFO 9380 --- [main] s.d.schema.ModelContextKeyGenerator      : Cache Key Generated: java.util.Map<java.lang.String,java.lang.String>(true)
2018-06-27 17:16:12.184  INFO 9380 --- [main] s.d.spring.web.caching.CachingAspect     : Caching aspect applied for cache modelDependencies with key java.util.Map<java.lang.String,java.lang.String>(true)
2018-06-27 17:16:12.184  INFO 9380 --- [main] s.d.spring.web.OperationsKeyGenerator    : Cache key generated: /reportView/get.com.thinvent.zhhd.controller.ReportController.getReportData.CodeGenGenericTypeNamingStrategy
2018-06-27 17:16:12.184  INFO 9380 --- [main] s.d.spring.web.caching.CachingAspect     : Caching aspect applied for cache operations with key /reportView/get.com.thinvent.zhhd.controller.ReportController.getReportData.CodeGenGenericTypeNamingStrategy
2018-06-27 17:16:12.191  INFO 9380 --- [main] s.w.ClassOrApiAnnotationResourceGrouping : Group for method getReportData was report-controller
2018-06-27 17:16:12.192  INFO 9380 --- [main] s.w.ClassOrApiAnnotationResourceGrouping : Group for method getReportData was report-controller
2018-06-27 17:16:12.193  INFO 9380 --- [main] .d.s.w.r.o.CachingOperationNameGenerator : Generating unique operation named: getReportDataUsingGET_1
2018-06-27 17:16:12.205  INFO 9380 --- [main] o.a.coyote.http11.Http11NioProtocol      : Initializing ProtocolHandler ["http-nio-8002"]
2018-06-27 17:16:12.581  INFO 9380 --- [main] o.a.coyote.http11.Http11NioProtocol      : Starting ProtocolHandler ["http-nio-8002"]
2018-06-27 17:16:12.659  INFO 9380 --- [main] o.a.tomcat.util.net.NioSelectorPool      : Using a shared selector for servlet write/read
2018-06-27 17:16:12.743  INFO 9380 --- [main] s.b.c.e.t.TomcatEmbeddedServletContainer : Tomcat started on port(s): 8002 (http)
2018-06-27 17:16:12.752  INFO 9380 --- [main] com.thinvent.zhhd.MainApplication        : Started MainApplication in 39.492 seconds (JVM running for 69.125)
2018-06-27 17:17:23.807  INFO 9380 --- [http-nio-8002-exec-1] o.a.c.c.C.[Tomcat].[localhost].[/]       : Initializing Spring FrameworkServlet 'dispatcherServlet'
2018-06-27 17:17:23.808  INFO 9380 --- [http-nio-8002-exec-1] o.s.web.servlet.DispatcherServlet        : FrameworkServlet 'dispatcherServlet': initialization started
2018-06-27 17:17:24.189  INFO 9380 --- [http-nio-8002-exec-1] o.s.web.servlet.DispatcherServlet        : FrameworkServlet 'dispatcherServlet': initialization completed in 381 ms
2018-06-27 17:44:00.069  INFO 3648 --- [main] com.thinvent.zhhd.MainApplication        : Starting MainApplication on DESKTOP-CGI6KFU with PID 3648 (E:\haitao\haitao-base-service\target\classes started by chenkangxiang in E:\haitao\haitao-base-service)
2018-06-27 17:44:00.079 DEBUG 3648 --- [main] com.thinvent.zhhd.MainApplication        : Running with Spring Boot v1.5.3.RELEASE, Spring v4.3.8.RELEASE
2018-06-27 17:44:00.079  INFO 3648 --- [main] com.thinvent.zhhd.MainApplication        : The following profiles are active: dev
2018-06-27 17:44:00.224  INFO 3648 --- [main] ationConfigEmbeddedWebApplicationContext : Refreshing org.springframework.boot.context.embedded.AnnotationConfigEmbeddedWebApplicationContext@7555b920: startup date [Wed Jun 27 17:44:00 CST 2018]; root of context hierarchy
2018-06-27 17:44:00.929  INFO 3648 --- [background-preinit] o.h.validator.internal.util.Version      : HV000001: Hibernate Validator 5.3.5.Final
2018-06-27 17:44:04.137  INFO 3648 --- [main] trationDelegate$BeanPostProcessorChecker : Bean 'org.springframework.kafka.annotation.KafkaBootstrapConfiguration' of type [org.springframework.kafka.annotation.KafkaBootstrapConfiguration$$EnhancerBySpringCGLIB$$6bb27f1e] is not eligible for getting processed by all BeanPostProcessors (for example: not eligible for auto-proxying)
2018-06-27 17:44:04.317  INFO 3648 --- [main] trationDelegate$BeanPostProcessorChecker : Bean 'org.springframework.transaction.annotation.ProxyTransactionManagementConfiguration' of type [org.springframework.transaction.annotation.ProxyTransactionManagementConfiguration$$EnhancerBySpringCGLIB$$98006d9b] is not eligible for getting processed by all BeanPostProcessors (for example: not eligible for auto-proxying)
2018-06-27 17:44:05.628  INFO 3648 --- [main] s.b.c.e.t.TomcatEmbeddedServletContainer : Tomcat initialized with port(s): 8002 (http)
2018-06-27 17:44:05.659  INFO 3648 --- [main] o.apache.catalina.core.StandardService   : Starting service Tomcat
2018-06-27 17:44:05.662  INFO 3648 --- [main] org.apache.catalina.core.StandardEngine  : Starting Servlet Engine: Apache Tomcat/8.5.14
2018-06-27 17:44:06.019  INFO 3648 --- [localhost-startStop-1] o.a.c.c.C.[Tomcat].[localhost].[/]       : Initializing Spring embedded WebApplicationContext
2018-06-27 17:44:06.020  INFO 3648 --- [localhost-startStop-1] o.s.web.context.ContextLoader            : Root WebApplicationContext: initialization completed in 5796 ms
2018-06-27 17:44:06.615  INFO 3648 --- [localhost-startStop-1] o.s.b.w.servlet.ServletRegistrationBean  : Mapping servlet: 'dispatcherServlet' to [/]
2018-06-27 17:44:06.631  INFO 3648 --- [localhost-startStop-1] o.s.b.w.servlet.FilterRegistrationBean   : Mapping filter: 'characterEncodingFilter' to: [/*]
2018-06-27 17:44:06.633  INFO 3648 --- [localhost-startStop-1] o.s.b.w.servlet.FilterRegistrationBean   : Mapping filter: 'hiddenHttpMethodFilter' to: [/*]
2018-06-27 17:44:06.634  INFO 3648 --- [localhost-startStop-1] o.s.b.w.servlet.FilterRegistrationBean   : Mapping filter: 'httpPutFormContentFilter' to: [/*]
2018-06-27 17:44:06.634  INFO 3648 --- [localhost-startStop-1] o.s.b.w.servlet.FilterRegistrationBean   : Mapping filter: 'requestContextFilter' to: [/*]
2018-06-27 17:44:06.634  INFO 3648 --- [localhost-startStop-1] o.s.b.w.servlet.FilterRegistrationBean   : Mapping filter: 'corsFilter' to: [/*]
2018-06-27 17:44:08.476  INFO 3648 --- [main] j.LocalContainerEntityManagerFactoryBean : Building JPA container EntityManagerFactory for persistence unit 'default'
2018-06-27 17:44:08.508  INFO 3648 --- [main] o.hibernate.jpa.internal.util.LogHelper  : HHH000204: Processing PersistenceUnitInfo [
	name: default
	...]
2018-06-27 17:44:08.688  INFO 3648 --- [main] org.hibernate.Version                    : HHH000412: Hibernate Core {5.0.12.Final}
2018-06-27 17:44:08.692  INFO 3648 --- [main] org.hibernate.cfg.Environment            : HHH000206: hibernate.properties not found
2018-06-27 17:44:08.695  INFO 3648 --- [main] org.hibernate.cfg.Environment            : HHH000021: Bytecode provider name : javassist
2018-06-27 17:44:08.780  INFO 3648 --- [main] o.hibernate.annotations.common.Version   : HCANN000001: Hibernate Commons Annotations {5.0.1.Final}
2018-06-27 17:44:09.039  INFO 3648 --- [main] org.hibernate.dialect.Dialect            : HHH000400: Using dialect: org.hibernate.dialect.MySQL5Dialect
2018-06-27 17:44:09.820  INFO 3648 --- [main] org.hibernate.tool.hbm2ddl.SchemaUpdate  : HHH000228: Running hbm2ddl schema update
2018-06-27 17:44:10.127  INFO 3648 --- [main] j.LocalContainerEntityManagerFactoryBean : Initialized JPA EntityManagerFactory for persistence unit 'default'
2018-06-27 17:44:10.882  INFO 3648 --- [main] o.h.h.i.QueryTranslatorFactoryInitiator  : HHH000397: Using ASTQueryTranslatorFactory
2018-06-27 17:44:13.582  INFO 3648 --- [main] s.w.s.m.m.a.RequestMappingHandlerMapping : Mapped "{[/dictionary/querySysDictionaryGroupList],methods=[GET]}" onto public java.util.List<com.thinvent.zhhd.model.SysDictionaryGroup> com.thinvent.zhhd.controller.DictionaryGroupController.querySysDictionaryGroupList()
2018-06-27 17:44:13.587  INFO 3648 --- [main] s.w.s.m.m.a.RequestMappingHandlerMapping : Mapped "{[/dictionary/querySysDictionaryItemListByDictGroupId],methods=[GET]}" onto public org.springframework.data.domain.Page<com.thinvent.zhhd.model.SysDictionaryItem> com.thinvent.zhhd.controller.DictionaryItemController.querySysDictionaryItemListByDictGroupId(int,int,java.lang.String)
2018-06-27 17:44:13.588  INFO 3648 --- [main] s.w.s.m.m.a.RequestMappingHandlerMapping : Mapped "{[/dictionary/queryAllEnabledDictItemsByDictGroupId],methods=[GET]}" onto public java.util.List<com.thinvent.zhhd.common.vo.DictionaryItemVO> com.thinvent.zhhd.controller.DictionaryItemController.queryAllEnabledDictItemsByDictGroupId(java.lang.String) throws com.thinvent.library.exception.ThinventBaseException
2018-06-27 17:44:13.589  INFO 3648 --- [main] s.w.s.m.m.a.RequestMappingHandlerMapping : Mapped "{[/dictionary/saveSysDictionaryItem],methods=[POST]}" onto public void com.thinvent.zhhd.controller.DictionaryItemController.saveSysDictionaryItem(com.thinvent.zhhd.common.vo.DictionaryItemVO)
2018-06-27 17:44:13.594  INFO 3648 --- [main] s.w.s.m.m.a.RequestMappingHandlerMapping : Mapped "{[/dictionary/updateSysDictionaryItem],methods=[POST]}" onto public java.lang.Object com.thinvent.zhhd.controller.DictionaryItemController.updateSysDictionaryItem(com.thinvent.zhhd.common.vo.DictionaryItemVO) throws com.thinvent.library.exception.ThinventBaseException
2018-06-27 17:44:13.595  INFO 3648 --- [main] s.w.s.m.m.a.RequestMappingHandlerMapping : Mapped "{[/dictionary/queryAllDictItemsByDictGroupId],methods=[GET]}" onto public java.util.List<com.thinvent.zhhd.common.vo.DictionaryItemVO> com.thinvent.zhhd.controller.DictionaryItemController.queryAllDictItemsByDictGroupId(java.lang.String) throws com.thinvent.library.exception.ThinventBaseException
2018-06-27 17:44:13.599  INFO 3648 --- [main] s.w.s.m.m.a.RequestMappingHandlerMapping : Mapped "{[/dictionary/queryBySysDictionaryItemId],methods=[GET]}" onto public java.lang.Object com.thinvent.zhhd.controller.DictionaryItemController.queryBySysDictionaryItemId(java.lang.String)
2018-06-27 17:44:13.602  INFO 3648 --- [main] s.w.s.m.m.a.RequestMappingHandlerMapping : Mapped "{[/reportView/exportOpr],methods=[GET]}" onto public java.util.Map<java.lang.String, java.lang.String> com.thinvent.zhhd.controller.OprReportController.exportReportData(java.lang.String,java.lang.String,java.lang.String) throws com.thinvent.library.exception.ThinventBaseException,org.eclipse.birt.report.engine.api.EngineException
2018-06-27 17:44:13.607  INFO 3648 --- [main] s.w.s.m.m.a.RequestMappingHandlerMapping : Mapped "{[/reportView/getOpr],methods=[GET]}" onto public java.util.Map<java.lang.String, java.lang.Object> com.thinvent.zhhd.controller.OprReportController.getReportData(java.lang.String,java.lang.String,java.lang.String,java.lang.String) throws com.thinvent.library.exception.ThinventBaseException,org.eclipse.birt.report.engine.api.EngineException
2018-06-27 17:44:13.610  INFO 3648 --- [main] s.w.s.m.m.a.RequestMappingHandlerMapping : Mapped "{[/reportView/export],methods=[GET]}" onto public java.util.Map<java.lang.String, java.lang.String> com.thinvent.zhhd.controller.ReportController.exportReportData(java.lang.String,java.lang.String,java.lang.String,java.lang.String,java.lang.String) throws com.thinvent.library.exception.ThinventBaseException,org.eclipse.birt.report.engine.api.EngineException
2018-06-27 17:44:13.611  INFO 3648 --- [main] s.w.s.m.m.a.RequestMappingHandlerMapping : Mapped "{[/reportView/get],methods=[GET]}" onto public java.util.Map<java.lang.String, java.lang.String> com.thinvent.zhhd.controller.ReportController.getReportData(java.lang.String,java.lang.String,java.lang.String,java.lang.String) throws com.thinvent.library.exception.ThinventBaseException,org.eclipse.birt.report.engine.api.EngineException
2018-06-27 17:44:13.613  INFO 3648 --- [main] s.w.s.m.m.a.RequestMappingHandlerMapping : Mapped "{[/v2/api-docs],methods=[GET]}" onto public org.springframework.http.ResponseEntity<springfox.documentation.spring.web.json.Json> springfox.documentation.swagger2.web.Swagger2Controller.getDocumentation(java.lang.String)
2018-06-27 17:44:13.625  INFO 3648 --- [main] s.w.s.m.m.a.RequestMappingHandlerMapping : Mapped "{[/configuration/security]}" onto org.springframework.http.ResponseEntity<springfox.documentation.swagger.web.SecurityConfiguration> springfox.documentation.swagger.web.ApiResourceController.securityConfiguration()
2018-06-27 17:44:13.625  INFO 3648 --- [main] s.w.s.m.m.a.RequestMappingHandlerMapping : Mapped "{[/swagger-resources]}" onto org.springframework.http.ResponseEntity<java.util.List<springfox.documentation.swagger.web.SwaggerResource>> springfox.documentation.swagger.web.ApiResourceController.swaggerResources()
2018-06-27 17:44:13.626  INFO 3648 --- [main] s.w.s.m.m.a.RequestMappingHandlerMapping : Mapped "{[/configuration/ui]}" onto org.springframework.http.ResponseEntity<springfox.documentation.swagger.web.UiConfiguration> springfox.documentation.swagger.web.ApiResourceController.uiConfiguration()
2018-06-27 17:44:13.631  INFO 3648 --- [main] s.w.s.m.m.a.RequestMappingHandlerMapping : Mapped "{[/error]}" onto public org.springframework.http.ResponseEntity<java.util.Map<java.lang.String, java.lang.Object>> org.springframework.boot.autoconfigure.web.BasicErrorController.error(javax.servlet.http.HttpServletRequest)
2018-06-27 17:44:13.633  INFO 3648 --- [main] s.w.s.m.m.a.RequestMappingHandlerMapping : Mapped "{[/error],produces=[text/html]}" onto public org.springframework.web.servlet.ModelAndView org.springframework.boot.autoconfigure.web.BasicErrorController.errorHtml(javax.servlet.http.HttpServletRequest,javax.servlet.http.HttpServletResponse)
2018-06-27 17:44:15.137  INFO 3648 --- [main] s.w.s.m.m.a.RequestMappingHandlerAdapter : Looking for @ControllerAdvice: org.springframework.boot.context.embedded.AnnotationConfigEmbeddedWebApplicationContext@7555b920: startup date [Wed Jun 27 17:44:00 CST 2018]; root of context hierarchy
2018-06-27 17:44:15.329  INFO 3648 --- [main] o.s.w.s.handler.SimpleUrlHandlerMapping  : Mapped URL path [/webjars/**] onto handler of type [class org.springframework.web.servlet.resource.ResourceHttpRequestHandler]
2018-06-27 17:44:15.330  INFO 3648 --- [main] o.s.w.s.handler.SimpleUrlHandlerMapping  : Mapped URL path [/**] onto handler of type [class org.springframework.web.servlet.resource.ResourceHttpRequestHandler]
2018-06-27 17:44:15.394  INFO 3648 --- [main] .m.m.a.ExceptionHandlerExceptionResolver : Detected @ExceptionHandler methods in thinventBaseExceptionHandler
2018-06-27 17:44:15.515  INFO 3648 --- [main] o.s.w.s.handler.SimpleUrlHandlerMapping  : Mapped URL path [/**/favicon.ico] onto handler of type [class org.springframework.web.servlet.resource.ResourceHttpRequestHandler]
2018-06-27 17:44:16.836  INFO 3648 --- [main] o.s.j.e.a.AnnotationMBeanExporter        : Registering beans for JMX exposure on startup
2018-06-27 17:44:16.852  INFO 3648 --- [main] o.s.c.support.DefaultLifecycleProcessor  : Starting beans in phase 2147483647
2018-06-27 17:44:16.864  INFO 3648 --- [main] s.a.ScheduledAnnotationBeanPostProcessor : No TaskScheduler/ScheduledExecutorService bean found for scheduled processing
2018-06-27 17:44:16.887  INFO 3648 --- [main] d.s.w.p.DocumentationPluginsBootstrapper : Context refreshed
2018-06-27 17:44:16.931  INFO 3648 --- [main] d.s.w.p.DocumentationPluginsBootstrapper : Found {0} custom documentation plugin(s)
2018-06-27 17:44:16.954  INFO 3648 --- [main] s.d.s.w.s.ApiListingReferenceScanner     : Scanning for api listing references
2018-06-27 17:44:16.968  INFO 3648 --- [main] s.w.ClassOrApiAnnotationResourceGrouping : Group for method queryAllDictItemsByDictGroupId was dictionary-item-controller
2018-06-27 17:44:16.971  INFO 3648 --- [main] s.d.s.w.s.ApiListingReferenceScanner     : Request mapping: queryAllDictItemsByDictGroupId belongs to groups: [[ResourceGroup{groupName='dictionary-item-controller', position=0, controller=com.thinvent.zhhd.controller.DictionaryItemController}]] 
2018-06-27 17:44:16.972  INFO 3648 --- [main] s.w.ClassOrApiAnnotationResourceGrouping : Group for method queryAllEnabledDictItemsByDictGroupId was dictionary-item-controller
2018-06-27 17:44:16.972  INFO 3648 --- [main] s.d.s.w.s.ApiListingReferenceScanner     : Request mapping: queryAllEnabledDictItemsByDictGroupId belongs to groups: [[ResourceGroup{groupName='dictionary-item-controller', position=0, controller=com.thinvent.zhhd.controller.DictionaryItemController}]] 
2018-06-27 17:44:16.973  INFO 3648 --- [main] s.w.ClassOrApiAnnotationResourceGrouping : Group for method queryBySysDictionaryItemId was dictionary-item-controller
2018-06-27 17:44:16.973  INFO 3648 --- [main] s.d.s.w.s.ApiListingReferenceScanner     : Request mapping: queryBySysDictionaryItemId belongs to groups: [[ResourceGroup{groupName='dictionary-item-controller', position=0, controller=com.thinvent.zhhd.controller.DictionaryItemController}]] 
2018-06-27 17:44:16.974  INFO 3648 --- [main] s.w.ClassOrApiAnnotationResourceGrouping : Group for method querySysDictionaryGroupList was dictionary-group-controller
2018-06-27 17:44:16.974  INFO 3648 --- [main] s.d.s.w.s.ApiListingReferenceScanner     : Request mapping: querySysDictionaryGroupList belongs to groups: [[ResourceGroup{groupName='dictionary-group-controller', position=0, controller=com.thinvent.zhhd.controller.DictionaryGroupController}]] 
2018-06-27 17:44:16.975  INFO 3648 --- [main] s.w.ClassOrApiAnnotationResourceGrouping : Group for method querySysDictionaryItemListByDictGroupId was dictionary-item-controller
2018-06-27 17:44:16.975  INFO 3648 --- [main] s.d.s.w.s.ApiListingReferenceScanner     : Request mapping: querySysDictionaryItemListByDictGroupId belongs to groups: [[ResourceGroup{groupName='dictionary-item-controller', position=0, controller=com.thinvent.zhhd.controller.DictionaryItemController}]] 
2018-06-27 17:44:16.975  INFO 3648 --- [main] s.w.ClassOrApiAnnotationResourceGrouping : Group for method saveSysDictionaryItem was dictionary-item-controller
2018-06-27 17:44:16.977  INFO 3648 --- [main] s.d.s.w.s.ApiListingReferenceScanner     : Request mapping: saveSysDictionaryItem belongs to groups: [[ResourceGroup{groupName='dictionary-item-controller', position=0, controller=com.thinvent.zhhd.controller.DictionaryItemController}]] 
2018-06-27 17:44:16.978  INFO 3648 --- [main] s.w.ClassOrApiAnnotationResourceGrouping : Group for method updateSysDictionaryItem was dictionary-item-controller
2018-06-27 17:44:16.978  INFO 3648 --- [main] s.d.s.w.s.ApiListingReferenceScanner     : Request mapping: updateSysDictionaryItem belongs to groups: [[ResourceGroup{groupName='dictionary-item-controller', position=0, controller=com.thinvent.zhhd.controller.DictionaryItemController}]] 
2018-06-27 17:44:16.999  INFO 3648 --- [main] s.d.s.w.s.ApiListingReferenceScanner     : Created resource listing Path: /dictionary/dictionary-group-controller Description: dictionary-group-controller Position: 0
2018-06-27 17:44:17.001  INFO 3648 --- [main] s.d.s.w.s.ApiListingReferenceScanner     : Created resource listing Path: /dictionary/dictionary-item-controller Description: dictionary-item-controller Position: 0
2018-06-27 17:44:17.047  INFO 3648 --- [main] s.d.schema.ModelContextKeyGenerator      : Cache Key Generated: java.util.List<com.thinvent.zhhd.model.SysDictionaryGroup>(true)
2018-06-27 17:44:17.047  INFO 3648 --- [main] s.d.spring.web.caching.CachingAspect     : Caching aspect applied for cache models with key java.util.List<com.thinvent.zhhd.model.SysDictionaryGroup>(true)
2018-06-27 17:44:17.053  INFO 3648 --- [main] s.d.schema.ModelContextKeyGenerator      : Cache Key Generated: java.util.List<com.thinvent.zhhd.model.SysDictionaryGroup>(true)
2018-06-27 17:44:17.054  INFO 3648 --- [main] s.d.spring.web.caching.CachingAspect     : Caching aspect applied for cache modelDependencies with key java.util.List<com.thinvent.zhhd.model.SysDictionaryGroup>(true)
2018-06-27 17:44:17.068  INFO 3648 --- [main] s.d.s.p.ModelPropertiesKeyGenerator      : Cache key generated: com.thinvent.zhhd.model.SysDictionaryGroup(true)
2018-06-27 17:44:17.069  INFO 3648 --- [main] s.d.spring.web.caching.CachingAspect     : Caching aspect applied for cache modelProperties with key com.thinvent.zhhd.model.SysDictionaryGroup(true)
2018-06-27 17:44:17.145  INFO 3648 --- [main] s.d.s.p.ModelPropertiesKeyGenerator      : Cache key generated: java.util.List<com.thinvent.zhhd.model.SysDictionaryGroup>(true)
2018-06-27 17:44:17.146  INFO 3648 --- [main] s.d.spring.web.caching.CachingAspect     : Caching aspect applied for cache modelProperties with key java.util.List<com.thinvent.zhhd.model.SysDictionaryGroup>(true)
2018-06-27 17:44:17.151  INFO 3648 --- [main] s.d.s.p.ModelPropertiesKeyGenerator      : Cache key generated: com.thinvent.zhhd.model.SysDictionaryGroup(true)
2018-06-27 17:44:17.152  INFO 3648 --- [main] s.d.spring.web.caching.CachingAspect     : Caching aspect applied for cache modelProperties with key com.thinvent.zhhd.model.SysDictionaryGroup(true)
2018-06-27 17:44:17.161  INFO 3648 --- [main] s.d.spring.web.OperationsKeyGenerator    : Cache key generated: /dictionary/querySysDictionaryGroupList.com.thinvent.zhhd.controller.DictionaryGroupController.querySysDictionaryGroupList.CodeGenGenericTypeNamingStrategy
2018-06-27 17:44:17.163  INFO 3648 --- [main] s.d.spring.web.caching.CachingAspect     : Caching aspect applied for cache operations with key /dictionary/querySysDictionaryGroupList.com.thinvent.zhhd.controller.DictionaryGroupController.querySysDictionaryGroupList.CodeGenGenericTypeNamingStrategy
2018-06-27 17:44:17.185  INFO 3648 --- [main] s.w.ClassOrApiAnnotationResourceGrouping : Group for method querySysDictionaryGroupList was dictionary-group-controller
2018-06-27 17:44:17.227  INFO 3648 --- [main] s.w.ClassOrApiAnnotationResourceGrouping : Group for method querySysDictionaryGroupList was dictionary-group-controller
2018-06-27 17:44:17.271  INFO 3648 --- [main] s.d.schema.ModelContextKeyGenerator      : Cache Key Generated: java.util.List<com.thinvent.zhhd.common.vo.DictionaryItemVO>(true)
2018-06-27 17:44:17.272  INFO 3648 --- [main] s.d.spring.web.caching.CachingAspect     : Caching aspect applied for cache models with key java.util.List<com.thinvent.zhhd.common.vo.DictionaryItemVO>(true)
2018-06-27 17:44:17.273  INFO 3648 --- [main] s.d.schema.ModelContextKeyGenerator      : Cache Key Generated: java.util.List<com.thinvent.zhhd.common.vo.DictionaryItemVO>(true)
2018-06-27 17:44:17.273  INFO 3648 --- [main] s.d.spring.web.caching.CachingAspect     : Caching aspect applied for cache modelDependencies with key java.util.List<com.thinvent.zhhd.common.vo.DictionaryItemVO>(true)
2018-06-27 17:44:17.273  INFO 3648 --- [main] s.d.s.p.ModelPropertiesKeyGenerator      : Cache key generated: com.thinvent.zhhd.common.vo.DictionaryItemVO(true)
2018-06-27 17:44:17.273  INFO 3648 --- [main] s.d.spring.web.caching.CachingAspect     : Caching aspect applied for cache modelProperties with key com.thinvent.zhhd.common.vo.DictionaryItemVO(true)
2018-06-27 17:44:17.277  INFO 3648 --- [main] s.d.s.p.ModelPropertiesKeyGenerator      : Cache key generated: java.util.List<com.thinvent.zhhd.common.vo.DictionaryItemVO>(true)
2018-06-27 17:44:17.277  INFO 3648 --- [main] s.d.spring.web.caching.CachingAspect     : Caching aspect applied for cache modelProperties with key java.util.List<com.thinvent.zhhd.common.vo.DictionaryItemVO>(true)
2018-06-27 17:44:17.278  INFO 3648 --- [main] s.d.s.p.ModelPropertiesKeyGenerator      : Cache key generated: com.thinvent.zhhd.common.vo.DictionaryItemVO(true)
2018-06-27 17:44:17.278  INFO 3648 --- [main] s.d.spring.web.caching.CachingAspect     : Caching aspect applied for cache modelProperties with key com.thinvent.zhhd.common.vo.DictionaryItemVO(true)
2018-06-27 17:44:17.280  INFO 3648 --- [main] s.d.spring.web.OperationsKeyGenerator    : Cache key generated: /dictionary/queryAllDictItemsByDictGroupId.com.thinvent.zhhd.controller.DictionaryItemController.queryAllDictItemsByDictGroupId.CodeGenGenericTypeNamingStrategy
2018-06-27 17:44:17.280  INFO 3648 --- [main] s.d.spring.web.caching.CachingAspect     : Caching aspect applied for cache operations with key /dictionary/queryAllDictItemsByDictGroupId.com.thinvent.zhhd.controller.DictionaryItemController.queryAllDictItemsByDictGroupId.CodeGenGenericTypeNamingStrategy
2018-06-27 17:44:17.296  INFO 3648 --- [main] s.w.ClassOrApiAnnotationResourceGrouping : Group for method queryAllDictItemsByDictGroupId was dictionary-item-controller
2018-06-27 17:44:17.304  INFO 3648 --- [main] s.w.ClassOrApiAnnotationResourceGrouping : Group for method queryAllDictItemsByDictGroupId was dictionary-item-controller
2018-06-27 17:44:17.313  INFO 3648 --- [main] s.d.schema.ModelContextKeyGenerator      : Cache Key Generated: java.util.List<com.thinvent.zhhd.common.vo.DictionaryItemVO>(true)
2018-06-27 17:44:17.313  INFO 3648 --- [main] s.d.spring.web.caching.CachingAspect     : Caching aspect applied for cache models with key java.util.List<com.thinvent.zhhd.common.vo.DictionaryItemVO>(true)
2018-06-27 17:44:17.313  INFO 3648 --- [main] s.d.schema.ModelContextKeyGenerator      : Cache Key Generated: java.util.List<com.thinvent.zhhd.common.vo.DictionaryItemVO>(true)
2018-06-27 17:44:17.314  INFO 3648 --- [main] s.d.spring.web.caching.CachingAspect     : Caching aspect applied for cache modelDependencies with key java.util.List<com.thinvent.zhhd.common.vo.DictionaryItemVO>(true)
2018-06-27 17:44:17.314  INFO 3648 --- [main] s.d.s.p.ModelPropertiesKeyGenerator      : Cache key generated: com.thinvent.zhhd.common.vo.DictionaryItemVO(true)
2018-06-27 17:44:17.314  INFO 3648 --- [main] s.d.spring.web.caching.CachingAspect     : Caching aspect applied for cache modelProperties with key com.thinvent.zhhd.common.vo.DictionaryItemVO(true)
2018-06-27 17:44:17.315  INFO 3648 --- [main] s.d.spring.web.OperationsKeyGenerator    : Cache key generated: /dictionary/queryAllEnabledDictItemsByDictGroupId.com.thinvent.zhhd.controller.DictionaryItemController.queryAllEnabledDictItemsByDictGroupId.CodeGenGenericTypeNamingStrategy
2018-06-27 17:44:17.315  INFO 3648 --- [main] s.d.spring.web.caching.CachingAspect     : Caching aspect applied for cache operations with key /dictionary/queryAllEnabledDictItemsByDictGroupId.com.thinvent.zhhd.controller.DictionaryItemController.queryAllEnabledDictItemsByDictGroupId.CodeGenGenericTypeNamingStrategy
2018-06-27 17:44:17.321  INFO 3648 --- [main] s.w.ClassOrApiAnnotationResourceGrouping : Group for method queryAllEnabledDictItemsByDictGroupId was dictionary-item-controller
2018-06-27 17:44:17.325  INFO 3648 --- [main] s.w.ClassOrApiAnnotationResourceGrouping : Group for method queryAllEnabledDictItemsByDictGroupId was dictionary-item-controller
2018-06-27 17:44:17.330  INFO 3648 --- [main] s.d.schema.ModelContextKeyGenerator      : Cache Key Generated: java.lang.Object(true)
2018-06-27 17:44:17.330  INFO 3648 --- [main] s.d.spring.web.caching.CachingAspect     : Caching aspect applied for cache models with key java.lang.Object(true)
2018-06-27 17:44:17.331  INFO 3648 --- [main] s.d.schema.ModelContextKeyGenerator      : Cache Key Generated: java.lang.Object(true)
2018-06-27 17:44:17.331  INFO 3648 --- [main] s.d.spring.web.caching.CachingAspect     : Caching aspect applied for cache modelDependencies with key java.lang.Object(true)
2018-06-27 17:44:17.332  INFO 3648 --- [main] s.d.spring.web.OperationsKeyGenerator    : Cache key generated: /dictionary/queryBySysDictionaryItemId.com.thinvent.zhhd.controller.DictionaryItemController.queryBySysDictionaryItemId.CodeGenGenericTypeNamingStrategy
2018-06-27 17:44:17.332  INFO 3648 --- [main] s.d.spring.web.caching.CachingAspect     : Caching aspect applied for cache operations with key /dictionary/queryBySysDictionaryItemId.com.thinvent.zhhd.controller.DictionaryItemController.queryBySysDictionaryItemId.CodeGenGenericTypeNamingStrategy
2018-06-27 17:44:17.338  INFO 3648 --- [main] s.w.ClassOrApiAnnotationResourceGrouping : Group for method queryBySysDictionaryItemId was dictionary-item-controller
2018-06-27 17:44:17.340  INFO 3648 --- [main] s.w.ClassOrApiAnnotationResourceGrouping : Group for method queryBySysDictionaryItemId was dictionary-item-controller
2018-06-27 17:44:17.342  INFO 3648 --- [main] s.d.schema.ModelContextKeyGenerator      : Cache Key Generated: org.springframework.data.domain.Page<com.thinvent.zhhd.model.SysDictionaryItem>(true)
2018-06-27 17:44:17.343  INFO 3648 --- [main] s.d.spring.web.caching.CachingAspect     : Caching aspect applied for cache models with key org.springframework.data.domain.Page<com.thinvent.zhhd.model.SysDictionaryItem>(true)
2018-06-27 17:44:17.343  INFO 3648 --- [main] s.d.s.p.ModelPropertiesKeyGenerator      : Cache key generated: org.springframework.data.domain.Page<com.thinvent.zhhd.model.SysDictionaryItem>(true)
2018-06-27 17:44:17.343  INFO 3648 --- [main] s.d.spring.web.caching.CachingAspect     : Caching aspect applied for cache modelProperties with key org.springframework.data.domain.Page<com.thinvent.zhhd.model.SysDictionaryItem>(true)
2018-06-27 17:44:17.349  INFO 3648 --- [main] s.d.schema.ModelContextKeyGenerator      : Cache Key Generated: org.springframework.data.domain.Page<com.thinvent.zhhd.model.SysDictionaryItem>(true)
2018-06-27 17:44:17.351  INFO 3648 --- [main] s.d.spring.web.caching.CachingAspect     : Caching aspect applied for cache modelDependencies with key org.springframework.data.domain.Page<com.thinvent.zhhd.model.SysDictionaryItem>(true)
2018-06-27 17:44:17.352  INFO 3648 --- [main] s.d.s.p.ModelPropertiesKeyGenerator      : Cache key generated: com.thinvent.zhhd.model.SysDictionaryItem(true)
2018-06-27 17:44:17.352  INFO 3648 --- [main] s.d.spring.web.caching.CachingAspect     : Caching aspect applied for cache modelProperties with key com.thinvent.zhhd.model.SysDictionaryItem(true)
2018-06-27 17:44:17.355  INFO 3648 --- [main] s.d.s.p.ModelPropertiesKeyGenerator      : Cache key generated: org.springframework.data.domain.Page<com.thinvent.zhhd.model.SysDictionaryItem>(true)
2018-06-27 17:44:17.355  INFO 3648 --- [main] s.d.spring.web.caching.CachingAspect     : Caching aspect applied for cache modelProperties with key org.springframework.data.domain.Page<com.thinvent.zhhd.model.SysDictionaryItem>(true)
2018-06-27 17:44:17.356  INFO 3648 --- [main] s.d.s.p.ModelPropertiesKeyGenerator      : Cache key generated: com.thinvent.zhhd.model.SysDictionaryItem(true)
2018-06-27 17:44:17.356  INFO 3648 --- [main] s.d.spring.web.caching.CachingAspect     : Caching aspect applied for cache modelProperties with key com.thinvent.zhhd.model.SysDictionaryItem(true)
2018-06-27 17:44:17.358  INFO 3648 --- [main] s.d.s.p.ModelPropertiesKeyGenerator      : Cache key generated: org.springframework.data.domain.Sort(true)
2018-06-27 17:44:17.358  INFO 3648 --- [main] s.d.spring.web.caching.CachingAspect     : Caching aspect applied for cache modelProperties with key org.springframework.data.domain.Sort(true)
2018-06-27 17:44:17.361  INFO 3648 --- [main] s.d.s.p.ModelPropertiesKeyGenerator      : Cache key generated: com.thinvent.zhhd.model.SysDictionaryItem(true)
2018-06-27 17:44:17.361  INFO 3648 --- [main] s.d.spring.web.caching.CachingAspect     : Caching aspect applied for cache modelProperties with key com.thinvent.zhhd.model.SysDictionaryItem(true)
2018-06-27 17:44:17.362  INFO 3648 --- [main] s.d.s.p.ModelPropertiesKeyGenerator      : Cache key generated: org.springframework.data.domain.Sort(true)
2018-06-27 17:44:17.363  INFO 3648 --- [main] s.d.spring.web.caching.CachingAspect     : Caching aspect applied for cache modelProperties with key org.springframework.data.domain.Sort(true)
2018-06-27 17:44:17.367  INFO 3648 --- [main] s.d.spring.web.OperationsKeyGenerator    : Cache key generated: /dictionary/querySysDictionaryItemListByDictGroupId.com.thinvent.zhhd.controller.DictionaryItemController.querySysDictionaryItemListByDictGroupId.CodeGenGenericTypeNamingStrategy
2018-06-27 17:44:17.368  INFO 3648 --- [main] s.d.spring.web.caching.CachingAspect     : Caching aspect applied for cache operations with key /dictionary/querySysDictionaryItemListByDictGroupId.com.thinvent.zhhd.controller.DictionaryItemController.querySysDictionaryItemListByDictGroupId.CodeGenGenericTypeNamingStrategy
2018-06-27 17:44:17.374  INFO 3648 --- [main] s.w.ClassOrApiAnnotationResourceGrouping : Group for method querySysDictionaryItemListByDictGroupId was dictionary-item-controller
2018-06-27 17:44:17.382  INFO 3648 --- [main] s.w.ClassOrApiAnnotationResourceGrouping : Group for method querySysDictionaryItemListByDictGroupId was dictionary-item-controller
2018-06-27 17:44:17.388  INFO 3648 --- [main] s.d.schema.ModelContextKeyGenerator      : Cache Key Generated: java.lang.Void(true)
2018-06-27 17:44:17.388  INFO 3648 --- [main] s.d.spring.web.caching.CachingAspect     : Caching aspect applied for cache models with key java.lang.Void(true)
2018-06-27 17:44:17.389  INFO 3648 --- [main] s.d.schema.ModelContextKeyGenerator      : Cache Key Generated: java.lang.Void(true)
2018-06-27 17:44:17.389  INFO 3648 --- [main] s.d.spring.web.caching.CachingAspect     : Caching aspect applied for cache modelDependencies with key java.lang.Void(true)
2018-06-27 17:44:17.389  INFO 3648 --- [main] s.d.schema.ModelContextKeyGenerator      : Cache Key Generated: com.thinvent.zhhd.common.vo.DictionaryItemVO(false)
2018-06-27 17:44:17.390  INFO 3648 --- [main] s.d.spring.web.caching.CachingAspect     : Caching aspect applied for cache models with key com.thinvent.zhhd.common.vo.DictionaryItemVO(false)
2018-06-27 17:44:17.391  INFO 3648 --- [main] s.d.s.p.ModelPropertiesKeyGenerator      : Cache key generated: com.thinvent.zhhd.common.vo.DictionaryItemVO(false)
2018-06-27 17:44:17.392  INFO 3648 --- [main] s.d.spring.web.caching.CachingAspect     : Caching aspect applied for cache modelProperties with key com.thinvent.zhhd.common.vo.DictionaryItemVO(false)
2018-06-27 17:44:17.397  INFO 3648 --- [main] s.d.schema.ModelContextKeyGenerator      : Cache Key Generated: com.thinvent.zhhd.common.vo.DictionaryItemVO(false)
2018-06-27 17:44:17.397  INFO 3648 --- [main] s.d.spring.web.caching.CachingAspect     : Caching aspect applied for cache modelDependencies with key com.thinvent.zhhd.common.vo.DictionaryItemVO(false)
2018-06-27 17:44:17.398  INFO 3648 --- [main] s.d.s.p.ModelPropertiesKeyGenerator      : Cache key generated: com.thinvent.zhhd.common.vo.DictionaryItemVO(false)
2018-06-27 17:44:17.398  INFO 3648 --- [main] s.d.spring.web.caching.CachingAspect     : Caching aspect applied for cache modelProperties with key com.thinvent.zhhd.common.vo.DictionaryItemVO(false)
2018-06-27 17:44:17.399  INFO 3648 --- [main] s.d.spring.web.OperationsKeyGenerator    : Cache key generated: /dictionary/saveSysDictionaryItem.com.thinvent.zhhd.controller.DictionaryItemController.saveSysDictionaryItem.CodeGenGenericTypeNamingStrategy
2018-06-27 17:44:17.399  INFO 3648 --- [main] s.d.spring.web.caching.CachingAspect     : Caching aspect applied for cache operations with key /dictionary/saveSysDictionaryItem.com.thinvent.zhhd.controller.DictionaryItemController.saveSysDictionaryItem.CodeGenGenericTypeNamingStrategy
2018-06-27 17:44:17.401  INFO 3648 --- [main] s.w.ClassOrApiAnnotationResourceGrouping : Group for method saveSysDictionaryItem was dictionary-item-controller
2018-06-27 17:44:17.407  INFO 3648 --- [main] s.w.ClassOrApiAnnotationResourceGrouping : Group for method saveSysDictionaryItem was dictionary-item-controller
2018-06-27 17:44:17.410  INFO 3648 --- [main] s.d.schema.ModelContextKeyGenerator      : Cache Key Generated: com.thinvent.zhhd.common.vo.DictionaryItemVO(false)
2018-06-27 17:44:17.411  INFO 3648 --- [main] s.d.spring.web.caching.CachingAspect     : Caching aspect applied for cache models with key com.thinvent.zhhd.common.vo.DictionaryItemVO(false)
2018-06-27 17:44:17.412  INFO 3648 --- [main] s.d.schema.ModelContextKeyGenerator      : Cache Key Generated: com.thinvent.zhhd.common.vo.DictionaryItemVO(false)
2018-06-27 17:44:17.412  INFO 3648 --- [main] s.d.spring.web.caching.CachingAspect     : Caching aspect applied for cache modelDependencies with key com.thinvent.zhhd.common.vo.DictionaryItemVO(false)
2018-06-27 17:44:17.412  INFO 3648 --- [main] s.d.schema.ModelContextKeyGenerator      : Cache Key Generated: java.lang.Object(true)
2018-06-27 17:44:17.412  INFO 3648 --- [main] s.d.spring.web.caching.CachingAspect     : Caching aspect applied for cache models with key java.lang.Object(true)
2018-06-27 17:44:17.413  INFO 3648 --- [main] s.d.schema.ModelContextKeyGenerator      : Cache Key Generated: java.lang.Object(true)
2018-06-27 17:44:17.413  INFO 3648 --- [main] s.d.spring.web.caching.CachingAspect     : Caching aspect applied for cache modelDependencies with key java.lang.Object(true)
2018-06-27 17:44:17.413  INFO 3648 --- [main] s.d.spring.web.OperationsKeyGenerator    : Cache key generated: /dictionary/updateSysDictionaryItem.com.thinvent.zhhd.controller.DictionaryItemController.updateSysDictionaryItem.CodeGenGenericTypeNamingStrategy
2018-06-27 17:44:17.413  INFO 3648 --- [main] s.d.spring.web.caching.CachingAspect     : Caching aspect applied for cache operations with key /dictionary/updateSysDictionaryItem.com.thinvent.zhhd.controller.DictionaryItemController.updateSysDictionaryItem.CodeGenGenericTypeNamingStrategy
2018-06-27 17:44:17.417  INFO 3648 --- [main] s.w.ClassOrApiAnnotationResourceGrouping : Group for method updateSysDictionaryItem was dictionary-item-controller
2018-06-27 17:44:17.419  INFO 3648 --- [main] s.w.ClassOrApiAnnotationResourceGrouping : Group for method updateSysDictionaryItem was dictionary-item-controller
2018-06-27 17:44:17.442  INFO 3648 --- [main] s.d.s.w.s.ApiListingReferenceScanner     : Scanning for api listing references
2018-06-27 17:44:17.444  INFO 3648 --- [main] s.w.ClassOrApiAnnotationResourceGrouping : Group for method exportReportData was opr-report-controller
2018-06-27 17:44:17.444  INFO 3648 --- [main] s.d.s.w.s.ApiListingReferenceScanner     : Request mapping: exportReportData belongs to groups: [[ResourceGroup{groupName='opr-report-controller', position=0, controller=com.thinvent.zhhd.controller.OprReportController}]] 
2018-06-27 17:44:17.445  INFO 3648 --- [main] s.w.ClassOrApiAnnotationResourceGrouping : Group for method exportReportData was report-controller
2018-06-27 17:44:17.445  INFO 3648 --- [main] s.d.s.w.s.ApiListingReferenceScanner     : Request mapping: exportReportData belongs to groups: [[ResourceGroup{groupName='report-controller', position=0, controller=com.thinvent.zhhd.controller.ReportController}]] 
2018-06-27 17:44:17.446  INFO 3648 --- [main] s.w.ClassOrApiAnnotationResourceGrouping : Group for method getReportData was opr-report-controller
2018-06-27 17:44:17.446  INFO 3648 --- [main] s.d.s.w.s.ApiListingReferenceScanner     : Request mapping: getReportData belongs to groups: [[ResourceGroup{groupName='opr-report-controller', position=0, controller=com.thinvent.zhhd.controller.OprReportController}]] 
2018-06-27 17:44:17.447  INFO 3648 --- [main] s.w.ClassOrApiAnnotationResourceGrouping : Group for method getReportData was report-controller
2018-06-27 17:44:17.447  INFO 3648 --- [main] s.d.s.w.s.ApiListingReferenceScanner     : Request mapping: getReportData belongs to groups: [[ResourceGroup{groupName='report-controller', position=0, controller=com.thinvent.zhhd.controller.ReportController}]] 
2018-06-27 17:44:17.448  INFO 3648 --- [main] s.d.s.w.s.ApiListingReferenceScanner     : Created resource listing Path: /reportView/report-controller Description: report-controller Position: 0
2018-06-27 17:44:17.449  INFO 3648 --- [main] s.d.s.w.s.ApiListingReferenceScanner     : Created resource listing Path: /reportView/opr-report-controller Description: opr-report-controller Position: 0
2018-06-27 17:44:17.452  INFO 3648 --- [main] s.d.schema.ModelContextKeyGenerator      : Cache Key Generated: java.util.Map<java.lang.String,java.lang.String>(true)
2018-06-27 17:44:17.452  INFO 3648 --- [main] s.d.spring.web.caching.CachingAspect     : Caching aspect applied for cache models with key java.util.Map<java.lang.String,java.lang.String>(true)
2018-06-27 17:44:17.453  INFO 3648 --- [main] s.d.schema.ModelContextKeyGenerator      : Cache Key Generated: java.util.Map<java.lang.String,java.lang.String>(true)
2018-06-27 17:44:17.453  INFO 3648 --- [main] s.d.spring.web.caching.CachingAspect     : Caching aspect applied for cache modelDependencies with key java.util.Map<java.lang.String,java.lang.String>(true)
2018-06-27 17:44:17.454  INFO 3648 --- [main] s.d.s.p.ModelPropertiesKeyGenerator      : Cache key generated: java.util.Map<java.lang.String,java.lang.String>(true)
2018-06-27 17:44:17.454  INFO 3648 --- [main] s.d.spring.web.caching.CachingAspect     : Caching aspect applied for cache modelProperties with key java.util.Map<java.lang.String,java.lang.String>(true)
2018-06-27 17:44:17.456  INFO 3648 --- [main] s.d.spring.web.OperationsKeyGenerator    : Cache key generated: /reportView/exportOpr.com.thinvent.zhhd.controller.OprReportController.exportReportData.CodeGenGenericTypeNamingStrategy
2018-06-27 17:44:17.457  INFO 3648 --- [main] s.d.spring.web.caching.CachingAspect     : Caching aspect applied for cache operations with key /reportView/exportOpr.com.thinvent.zhhd.controller.OprReportController.exportReportData.CodeGenGenericTypeNamingStrategy
2018-06-27 17:44:17.463  INFO 3648 --- [main] s.w.ClassOrApiAnnotationResourceGrouping : Group for method exportReportData was opr-report-controller
2018-06-27 17:44:17.465  INFO 3648 --- [main] s.w.ClassOrApiAnnotationResourceGrouping : Group for method exportReportData was opr-report-controller
2018-06-27 17:44:17.467  INFO 3648 --- [main] s.d.schema.ModelContextKeyGenerator      : Cache Key Generated: java.lang.Object(true)
2018-06-27 17:44:17.468  INFO 3648 --- [main] s.d.spring.web.caching.CachingAspect     : Caching aspect applied for cache models with key java.lang.Object(true)
2018-06-27 17:44:17.468  INFO 3648 --- [main] s.d.schema.ModelContextKeyGenerator      : Cache Key Generated: java.lang.Object(true)
2018-06-27 17:44:17.468  INFO 3648 --- [main] s.d.spring.web.caching.CachingAspect     : Caching aspect applied for cache modelDependencies with key java.lang.Object(true)
2018-06-27 17:44:17.469  INFO 3648 --- [main] s.d.spring.web.OperationsKeyGenerator    : Cache key generated: /reportView/getOpr.com.thinvent.zhhd.controller.OprReportController.getReportData.CodeGenGenericTypeNamingStrategy
2018-06-27 17:44:17.469  INFO 3648 --- [main] s.d.spring.web.caching.CachingAspect     : Caching aspect applied for cache operations with key /reportView/getOpr.com.thinvent.zhhd.controller.OprReportController.getReportData.CodeGenGenericTypeNamingStrategy
2018-06-27 17:44:17.482  INFO 3648 --- [main] s.w.ClassOrApiAnnotationResourceGrouping : Group for method getReportData was opr-report-controller
2018-06-27 17:44:17.486  INFO 3648 --- [main] s.w.ClassOrApiAnnotationResourceGrouping : Group for method getReportData was opr-report-controller
2018-06-27 17:44:17.489  INFO 3648 --- [main] s.d.schema.ModelContextKeyGenerator      : Cache Key Generated: java.util.Map<java.lang.String,java.lang.String>(true)
2018-06-27 17:44:17.490  INFO 3648 --- [main] s.d.spring.web.caching.CachingAspect     : Caching aspect applied for cache models with key java.util.Map<java.lang.String,java.lang.String>(true)
2018-06-27 17:44:17.490  INFO 3648 --- [main] s.d.schema.ModelContextKeyGenerator      : Cache Key Generated: java.util.Map<java.lang.String,java.lang.String>(true)
2018-06-27 17:44:17.490  INFO 3648 --- [main] s.d.spring.web.caching.CachingAspect     : Caching aspect applied for cache modelDependencies with key java.util.Map<java.lang.String,java.lang.String>(true)
2018-06-27 17:44:17.490  INFO 3648 --- [main] s.d.spring.web.OperationsKeyGenerator    : Cache key generated: /reportView/export.com.thinvent.zhhd.controller.ReportController.exportReportData.CodeGenGenericTypeNamingStrategy
2018-06-27 17:44:17.490  INFO 3648 --- [main] s.d.spring.web.caching.CachingAspect     : Caching aspect applied for cache operations with key /reportView/export.com.thinvent.zhhd.controller.ReportController.exportReportData.CodeGenGenericTypeNamingStrategy
2018-06-27 17:44:17.502  INFO 3648 --- [main] s.w.ClassOrApiAnnotationResourceGrouping : Group for method exportReportData was report-controller
2018-06-27 17:44:17.504  INFO 3648 --- [main] s.w.ClassOrApiAnnotationResourceGrouping : Group for method exportReportData was report-controller
2018-06-27 17:44:17.505  INFO 3648 --- [main] .d.s.w.r.o.CachingOperationNameGenerator : Generating unique operation named: exportReportDataUsingGET_1
2018-06-27 17:44:17.507  INFO 3648 --- [main] s.d.schema.ModelContextKeyGenerator      : Cache Key Generated: java.util.Map<java.lang.String,java.lang.String>(true)
2018-06-27 17:44:17.507  INFO 3648 --- [main] s.d.spring.web.caching.CachingAspect     : Caching aspect applied for cache models with key java.util.Map<java.lang.String,java.lang.String>(true)
2018-06-27 17:44:17.508  INFO 3648 --- [main] s.d.schema.ModelContextKeyGenerator      : Cache Key Generated: java.util.Map<java.lang.String,java.lang.String>(true)
2018-06-27 17:44:17.508  INFO 3648 --- [main] s.d.spring.web.caching.CachingAspect     : Caching aspect applied for cache modelDependencies with key java.util.Map<java.lang.String,java.lang.String>(true)
2018-06-27 17:44:17.508  INFO 3648 --- [main] s.d.spring.web.OperationsKeyGenerator    : Cache key generated: /reportView/get.com.thinvent.zhhd.controller.ReportController.getReportData.CodeGenGenericTypeNamingStrategy
2018-06-27 17:44:17.508  INFO 3648 --- [main] s.d.spring.web.caching.CachingAspect     : Caching aspect applied for cache operations with key /reportView/get.com.thinvent.zhhd.controller.ReportController.getReportData.CodeGenGenericTypeNamingStrategy
2018-06-27 17:44:17.516  INFO 3648 --- [main] s.w.ClassOrApiAnnotationResourceGrouping : Group for method getReportData was report-controller
2018-06-27 17:44:17.518  INFO 3648 --- [main] s.w.ClassOrApiAnnotationResourceGrouping : Group for method getReportData was report-controller
2018-06-27 17:44:17.519  INFO 3648 --- [main] .d.s.w.r.o.CachingOperationNameGenerator : Generating unique operation named: getReportDataUsingGET_1
2018-06-27 17:44:17.532  INFO 3648 --- [main] o.a.coyote.http11.Http11NioProtocol      : Initializing ProtocolHandler ["http-nio-8002"]
2018-06-27 17:44:17.573  INFO 3648 --- [main] o.a.coyote.http11.Http11NioProtocol      : Starting ProtocolHandler ["http-nio-8002"]
2018-06-27 17:44:17.591  INFO 3648 --- [main] o.a.tomcat.util.net.NioSelectorPool      : Using a shared selector for servlet write/read
2018-06-27 17:44:17.654  INFO 3648 --- [main] s.b.c.e.t.TomcatEmbeddedServletContainer : Tomcat started on port(s): 8002 (http)
2018-06-27 17:44:17.663  INFO 3648 --- [main] com.thinvent.zhhd.MainApplication        : Started MainApplication in 18.718 seconds (JVM running for 19.894)
2018-06-27 17:45:11.865  INFO 3648 --- [http-nio-8002-exec-9] o.a.c.c.C.[Tomcat].[localhost].[/]       : Initializing Spring FrameworkServlet 'dispatcherServlet'
2018-06-27 17:45:11.866  INFO 3648 --- [http-nio-8002-exec-9] o.s.web.servlet.DispatcherServlet        : FrameworkServlet 'dispatcherServlet': initialization started
2018-06-27 17:45:11.909  INFO 3648 --- [http-nio-8002-exec-9] o.s.web.servlet.DispatcherServlet        : FrameworkServlet 'dispatcherServlet': initialization completed in 43 ms
